2025-07-01 12:08:28,930 - ontology_migration - INFO - Bắt đầu migration ontology vào 2025-07-01 12:08:28.930813
2025-07-01 12:08:28,930 - ontology_migration - INFO - Chế độ DRY RUN: True
2025-07-01 12:08:28,931 - ontology_migration - INFO - Bắt đầu migration cho win
2025-07-01 12:08:29,378 - ontology_migration - ERROR - Lỗi không xử lý được trong quá trình migration: {code: Neo.ClientError.Security.Unauthorized} {message: The client is unauthorized due to authentication failure.}
2025-07-01 12:08:56,935 - ontology_migration - INFO - Bắt đầu migration ontology vào 2025-07-01 12:08:56.935459
2025-07-01 12:08:56,935 - ontology_migration - INFO - Chế độ DRY RUN: True
2025-07-01 12:08:56,935 - ontology_migration - INFO - Bắt đầu migration cho win
2025-07-01 12:08:57,256 - ontology_migration - ERROR - Lỗi không xử lý được trong quá trình migration: {code: Neo.ClientError.Security.Unauthorized} {message: The client is unauthorized due to authentication failure.}
2025-07-01 12:09:54,903 - ontology_migration - INFO - Bắt đầu migration ontology vào 2025-07-01 12:09:54.903415
2025-07-01 12:09:54,903 - ontology_migration - INFO - Chế độ DRY RUN: True
2025-07-01 12:09:54,904 - ontology_migration - INFO - Bắt đầu migration cho win
2025-07-01 12:09:55,397 - ontology_migration - ERROR - Lỗi không xử lý được trong quá trình migration: {code: Neo.ClientError.Security.Unauthorized} {message: The client is unauthorized due to authentication failure.}
2025-07-01 12:35:14,255 - ontology_migration - INFO - Bắt đầu migration ontology vào 2025-07-01 12:35:14.255827
2025-07-01 12:35:14,255 - ontology_migration - INFO - Chế độ DRY RUN: True
2025-07-01 12:35:14,257 - ontology_migration - INFO - Bắt đầu migration cho win
2025-07-01 12:35:15,620 - ontology_migration - INFO - Đã xử lý tổng cộng 0 win
2025-07-01 12:35:15,620 - ontology_migration - INFO - Hoàn thành migration cho win. Đã xử lý 0 records.
2025-07-01 12:35:15,620 - ontology_migration - INFO - Bắt đầu migration cho recognition
2025-07-01 12:35:15,693 - ontology_migration - INFO - Xử lý batch 1 với 14 recognition
2025-07-01 12:35:15,693 - ontology_migration - ERROR - Lỗi khi chuẩn hóa EntityType.RECOGNITION với uid=0c94bf88fa9743deaa22cf5c4ea16466: Value 'PROPOSED' is not a valid RecognitionStatus
2025-07-01 12:35:15,695 - ontology_migration - ERROR - Lỗi khi chuẩn hóa EntityType.RECOGNITION với uid=59796bec7fe6498193b9e6511a25ad0a: Value 'PROPOSED' is not a valid RecognitionStatus
2025-07-01 12:35:15,695 - ontology_migration - ERROR - Lỗi khi chuẩn hóa EntityType.RECOGNITION với uid=11e1c3bbbd20489b8f9dfe563da8ba6d: Value 'PROPOSED' is not a valid RecognitionStatus
2025-07-01 12:35:15,695 - ontology_migration - ERROR - Lỗi khi chuẩn hóa EntityType.RECOGNITION với uid=22cd164c559f4eab94b2030a01386a07: Value 'PROPOSED' is not a valid RecognitionStatus
2025-07-01 12:35:15,695 - ontology_migration - ERROR - Lỗi khi chuẩn hóa EntityType.RECOGNITION với uid=6d93cde49aa44f03b2ebe6b0f28cda09: Value 'PROPOSED' is not a valid RecognitionStatus
2025-07-01 12:35:15,695 - ontology_migration - ERROR - Lỗi khi chuẩn hóa EntityType.RECOGNITION với uid=c2bb9ed93bf84e708ec262faa680eed1: Value 'PROPOSED' is not a valid RecognitionStatus
2025-07-01 12:35:15,695 - ontology_migration - ERROR - Lỗi khi chuẩn hóa EntityType.RECOGNITION với uid=ef5f372735d24dbdacb70f7f9e9e6b9a: Value 'PROPOSED' is not a valid RecognitionStatus
2025-07-01 12:35:15,695 - ontology_migration - ERROR - Lỗi khi chuẩn hóa EntityType.RECOGNITION với uid=6bad2dc0ac8c4b3b9d999255f33f1637: Value 'PROPOSED' is not a valid RecognitionStatus
2025-07-01 12:35:15,695 - ontology_migration - ERROR - Lỗi khi chuẩn hóa EntityType.RECOGNITION với uid=b4836e803feb4c6f89c942b2fb22e567: Value 'PROPOSED' is not a valid RecognitionStatus
2025-07-01 12:35:15,695 - ontology_migration - ERROR - Lỗi khi chuẩn hóa EntityType.RECOGNITION với uid=09ea093752644abe94db94d3b2ed59ea: Value 'PROPOSED' is not a valid RecognitionStatus
2025-07-01 12:35:15,695 - ontology_migration - ERROR - Lỗi khi chuẩn hóa EntityType.RECOGNITION với uid=dab29a47aa1149829033dce4034db6a7: Value 'PROPOSED' is not a valid RecognitionStatus
2025-07-01 12:35:15,695 - ontology_migration - ERROR - Lỗi khi chuẩn hóa EntityType.RECOGNITION với uid=5da0431a5aab40a2bb215dde9391a6ac: Value 'PROPOSED' is not a valid RecognitionStatus
2025-07-01 12:35:15,695 - ontology_migration - ERROR - Lỗi khi chuẩn hóa EntityType.RECOGNITION với uid=812e370a7e1941cfa87dbbdbf97da5f3: Value 'PROPOSED' is not a valid RecognitionStatus
2025-07-01 12:35:15,695 - ontology_migration - ERROR - Lỗi khi chuẩn hóa EntityType.RECOGNITION với uid=bf380475a7ce4099a76912f55b66f19c: Value 'PROPOSED' is not a valid RecognitionStatus
2025-07-01 12:35:15,695 - ontology_migration - INFO - Đã xử lý tổng cộng 14 recognition
2025-07-01 12:35:15,695 - ontology_migration - INFO - Hoàn thành migration cho recognition. Đã xử lý 14 records.
2025-07-01 12:35:15,695 - ontology_migration - INFO - Bắt đầu migration cho task
2025-07-01 12:35:15,821 - ontology_migration - INFO - Xử lý batch 1 với 39 task
2025-07-01 12:35:15,821 - ontology_migration - ERROR - Lỗi khi chuẩn hóa EntityType.TASK với uid=a7786a4795bf49e29a81235126d1b124: Value 'InProgress' is not a valid TaskStatus
2025-07-01 12:35:15,821 - ontology_migration - ERROR - Lỗi khi chuẩn hóa EntityType.TASK với uid=9a203af9ec2048098216834da144fdf9: Value 'ToDo' is not a valid TaskStatus
2025-07-01 12:35:15,821 - ontology_migration - ERROR - Lỗi khi chuẩn hóa EntityType.TASK với uid=b1dc1bf28f5848d68f21e2ac5238dc45: Value 'InProgress' is not a valid TaskStatus
2025-07-01 12:35:15,821 - ontology_migration - ERROR - Lỗi khi chuẩn hóa EntityType.TASK với uid=e536922ae35c4a21b1d9146b6ff64cc5: Value 'ToDo' is not a valid TaskStatus
2025-07-01 12:35:15,821 - ontology_migration - ERROR - Lỗi khi chuẩn hóa EntityType.TASK với uid=8fc646f528b346ceb1c54489f47a724d: Value 'InProgress' is not a valid TaskStatus
2025-07-01 12:35:15,821 - ontology_migration - ERROR - Lỗi khi chuẩn hóa EntityType.TASK với uid=ac36027a1a334399ad0153a68200ea65: Value 'ToDo' is not a valid TaskStatus
2025-07-01 12:35:15,821 - ontology_migration - ERROR - Lỗi khi chuẩn hóa EntityType.TASK với uid=c8184b42abe2456cbe91795539fa3caa: Value 'InProgress' is not a valid TaskStatus
2025-07-01 12:35:15,821 - ontology_migration - ERROR - Lỗi khi chuẩn hóa EntityType.TASK với uid=d3fc3818ff6644e6b9e83e85543d26d5: Value 'ToDo' is not a valid TaskStatus
2025-07-01 12:35:15,821 - ontology_migration - ERROR - Lỗi khi chuẩn hóa EntityType.TASK với uid=fafcd9239ebb4ad690f55b228c5d54df: Value 'InProgress' is not a valid TaskStatus
2025-07-01 12:35:15,821 - ontology_migration - ERROR - Lỗi khi chuẩn hóa EntityType.TASK với uid=b5bd9dc74e7a4fdfa5974bac97c56923: Value 'ToDo' is not a valid TaskStatus
2025-07-01 12:35:15,821 - ontology_migration - ERROR - Lỗi khi chuẩn hóa EntityType.TASK với uid=c0eceb2c457345c99902502fac43fd9b: Value 'InProgress' is not a valid TaskStatus
2025-07-01 12:35:15,821 - ontology_migration - ERROR - Lỗi khi chuẩn hóa EntityType.TASK với uid=2485febe7a92468baf98a1b98f8cabc4: Value 'ToDo' is not a valid TaskStatus
2025-07-01 12:35:15,821 - ontology_migration - ERROR - Lỗi khi chuẩn hóa EntityType.TASK với uid=f05ce1bfd20b44e8af2e7d9a1c897acd: Value 'InProgress' is not a valid TaskStatus
2025-07-01 12:35:15,821 - ontology_migration - ERROR - Lỗi khi chuẩn hóa EntityType.TASK với uid=5fd06ee85885475ab6854cec5df5566c: Value 'ToDo' is not a valid TaskStatus
2025-07-01 12:35:15,822 - ontology_migration - ERROR - Lỗi khi chuẩn hóa EntityType.TASK với uid=229f65ba56c944c58500237dea00b769: Value 'ToDo' is not a valid TaskStatus
2025-07-01 12:35:15,822 - ontology_migration - ERROR - Lỗi khi chuẩn hóa EntityType.TASK với uid=be1e2c1b846e4ff296bbd5fe4ba13540: Value 'ToDo' is not a valid TaskStatus
2025-07-01 12:35:15,822 - ontology_migration - ERROR - Lỗi khi chuẩn hóa EntityType.TASK với uid=c8a7a70b09924b89a2b5d4b7a6f605fc: Value 'ToDo' is not a valid TaskStatus
2025-07-01 12:35:15,822 - ontology_migration - ERROR - Lỗi khi chuẩn hóa EntityType.TASK với uid=33565d094d8d40ac97cbf0399a786b82: Value 'ToDo' is not a valid TaskStatus
2025-07-01 12:35:15,822 - ontology_migration - ERROR - Lỗi khi chuẩn hóa EntityType.TASK với uid=2472fa1703d34b93b0cf1ade455ae5dc: Value 'ToDo' is not a valid TaskStatus
2025-07-01 12:35:15,822 - ontology_migration - ERROR - Lỗi khi chuẩn hóa EntityType.TASK với uid=dfb36e78d76e47e2b297f38dd7941144: Value 'ToDo' is not a valid TaskStatus
2025-07-01 12:35:15,822 - ontology_migration - ERROR - Lỗi khi chuẩn hóa EntityType.TASK với uid=15ea25c72c304e94b2bd540c25a4ad05: Value 'ToDo' is not a valid TaskStatus
2025-07-01 12:35:15,822 - ontology_migration - ERROR - Lỗi khi chuẩn hóa EntityType.TASK với uid=9e8227a8e7404727ae0898782029f20e: Value 'ToDo' is not a valid TaskStatus
2025-07-01 12:35:15,822 - ontology_migration - ERROR - Lỗi khi chuẩn hóa EntityType.TASK với uid=005e33c63a474d3aa1bb884042573794: Value 'ToDo' is not a valid TaskStatus
2025-07-01 12:35:15,822 - ontology_migration - ERROR - Lỗi khi chuẩn hóa EntityType.TASK với uid=9d09aaca077544b48bb2d44deaebd433: Value 'ToDo' is not a valid TaskStatus
2025-07-01 12:35:15,822 - ontology_migration - ERROR - Lỗi khi chuẩn hóa EntityType.TASK với uid=51bb635256a0475cab647b12c97d85ea: Value 'ToDo' is not a valid TaskStatus
2025-07-01 12:35:15,822 - ontology_migration - ERROR - Lỗi khi chuẩn hóa EntityType.TASK với uid=63f40dc49a6a4228bf002f89f7c3e2e6: Value 'ToDo' is not a valid TaskStatus
2025-07-01 12:35:15,822 - ontology_migration - ERROR - Lỗi khi chuẩn hóa EntityType.TASK với uid=76483e6716c9418ea34adac02c46fa52: Value 'ToDo' is not a valid TaskStatus
2025-07-01 12:35:15,822 - ontology_migration - ERROR - Lỗi khi chuẩn hóa EntityType.TASK với uid=6c4957a044674fae9467145cc28b59ac: Value 'ToDo' is not a valid TaskStatus
2025-07-01 12:35:15,822 - ontology_migration - ERROR - Lỗi khi chuẩn hóa EntityType.TASK với uid=6094221c73034fbd992c3399e9fb2c7f: Value 'ToDo' is not a valid TaskStatus
2025-07-01 12:35:15,822 - ontology_migration - ERROR - Lỗi khi chuẩn hóa EntityType.TASK với uid=e1773d3dcc0548cebc6fe873482a4553: Value 'ToDo' is not a valid TaskStatus
2025-07-01 12:35:15,822 - ontology_migration - ERROR - Lỗi khi chuẩn hóa EntityType.TASK với uid=d4993e5811a940608a300d64dd6d0b90: Value 'ToDo' is not a valid TaskStatus
2025-07-01 12:35:15,822 - ontology_migration - ERROR - Lỗi khi chuẩn hóa EntityType.TASK với uid=f980dd4dda7c4a9f9d809b98b77ed0a6: Value 'ToDo' is not a valid TaskStatus
2025-07-01 12:35:15,822 - ontology_migration - ERROR - Lỗi khi chuẩn hóa EntityType.TASK với uid=d188f5e4f7c5486aa38507e774a70a34: Value 'ToDo' is not a valid TaskStatus
2025-07-01 12:35:15,822 - ontology_migration - ERROR - Lỗi khi chuẩn hóa EntityType.TASK với uid=90eb8b5fd8fa42f69ca7e089f68dfca6: Value 'ToDo' is not a valid TaskStatus
2025-07-01 12:35:15,822 - ontology_migration - ERROR - Lỗi khi chuẩn hóa EntityType.TASK với uid=1db74051c2434f19bd31233188f0fe49: Value 'ToDo' is not a valid TaskStatus
2025-07-01 12:35:15,822 - ontology_migration - ERROR - Lỗi khi chuẩn hóa EntityType.TASK với uid=d646fe6ba02e4632be82e2cd3fc05a7d: Value 'ToDo' is not a valid TaskStatus
2025-07-01 12:35:15,822 - ontology_migration - ERROR - Lỗi khi chuẩn hóa EntityType.TASK với uid=8e68f33666854324ac53fb449af0ec35: Value 'ToDo' is not a valid TaskStatus
2025-07-01 12:35:15,822 - ontology_migration - ERROR - Lỗi khi chuẩn hóa EntityType.TASK với uid=800647c1f3c848abb2da562397c1a0ea: Value 'ToDo' is not a valid TaskStatus
2025-07-01 12:35:15,822 - ontology_migration - ERROR - Lỗi khi chuẩn hóa EntityType.TASK với uid=b2fdc6fbeff4425a96500f0884bd1853: Value 'ToDo' is not a valid TaskStatus
2025-07-01 12:35:15,822 - ontology_migration - INFO - Đã xử lý tổng cộng 39 task
2025-07-01 12:35:15,822 - ontology_migration - INFO - Hoàn thành migration cho task. Đã xử lý 39 records.
2025-07-01 12:35:15,822 - ontology_migration - INFO - Bắt đầu migration cho event
2025-07-01 12:35:15,896 - ontology_migration - INFO - Xử lý batch 1 với 8 event
2025-07-01 12:35:15,896 - ontology_migration - INFO - Đã xử lý tổng cộng 8 event
2025-07-01 12:35:15,896 - ontology_migration - INFO - Hoàn thành migration cho event. Đã xử lý 8 records.
2025-07-01 12:35:15,896 - ontology_migration - INFO - Bắt đầu migration cho knowledge_snippet
2025-07-01 12:35:15,965 - ontology_migration - INFO - Đã xử lý tổng cộng 0 knowledge_snippet
2025-07-01 12:35:15,965 - ontology_migration - INFO - Hoàn thành migration cho knowledge_snippet. Đã xử lý 0 records.
2025-07-01 12:35:15,966 - ontology_migration - INFO - Migration hoàn tất. Tổng thời gian: 0:00:01.710363
2025-07-01 12:35:15,966 - ontology_migration - INFO - Tổng số records đã xử lý: 61
2025-07-01 12:35:15,966 - ontology_migration - INFO - Thống kê: {
  "total": 61,
  "success": 0,
  "failed": 0,
  "skipped": 61,
  "entity_stats": {
    "win": {
      "total": 0,
      "success": 0,
      "failed": 0,
      "skipped": 0
    },
    "recognition": {
      "total": 14,
      "success": 0,
      "failed": 0,
      "skipped": 14
    },
    "task": {
      "total": 39,
      "success": 0,
      "failed": 0,
      "skipped": 39
    },
    "event": {
      "total": 8,
      "success": 0,
      "failed": 0,
      "skipped": 8
    },
    "knowledge_snippet": {
      "total": 0,
      "success": 0,
      "failed": 0,
      "skipped": 0
    }
  }
}
2025-07-01 12:35:22,891 - ontology_migration - INFO - Bắt đầu migration ontology vào 2025-07-01 12:35:22.891078
2025-07-01 12:35:22,891 - ontology_migration - INFO - Chế độ DRY RUN: True
2025-07-01 12:35:22,891 - ontology_migration - INFO - Bắt đầu migration cho win
2025-07-01 12:35:23,758 - ontology_migration - INFO - Đã xử lý tổng cộng 0 win
2025-07-01 12:35:23,759 - ontology_migration - INFO - Hoàn thành migration cho win. Đã xử lý 0 records.
2025-07-01 12:35:23,759 - ontology_migration - INFO - Bắt đầu migration cho recognition
2025-07-01 12:35:23,838 - ontology_migration - INFO - Xử lý batch 1 với 14 recognition
2025-07-01 12:35:23,839 - ontology_migration - ERROR - Lỗi khi chuẩn hóa EntityType.RECOGNITION với uid=0c94bf88fa9743deaa22cf5c4ea16466: Value 'PROPOSED' is not a valid RecognitionStatus
2025-07-01 12:35:23,839 - ontology_migration - ERROR - Lỗi khi chuẩn hóa EntityType.RECOGNITION với uid=59796bec7fe6498193b9e6511a25ad0a: Value 'PROPOSED' is not a valid RecognitionStatus
2025-07-01 12:35:23,839 - ontology_migration - ERROR - Lỗi khi chuẩn hóa EntityType.RECOGNITION với uid=11e1c3bbbd20489b8f9dfe563da8ba6d: Value 'PROPOSED' is not a valid RecognitionStatus
2025-07-01 12:35:23,839 - ontology_migration - ERROR - Lỗi khi chuẩn hóa EntityType.RECOGNITION với uid=22cd164c559f4eab94b2030a01386a07: Value 'PROPOSED' is not a valid RecognitionStatus
2025-07-01 12:35:23,839 - ontology_migration - ERROR - Lỗi khi chuẩn hóa EntityType.RECOGNITION với uid=6d93cde49aa44f03b2ebe6b0f28cda09: Value 'PROPOSED' is not a valid RecognitionStatus
2025-07-01 12:35:23,839 - ontology_migration - ERROR - Lỗi khi chuẩn hóa EntityType.RECOGNITION với uid=c2bb9ed93bf84e708ec262faa680eed1: Value 'PROPOSED' is not a valid RecognitionStatus
2025-07-01 12:35:23,839 - ontology_migration - ERROR - Lỗi khi chuẩn hóa EntityType.RECOGNITION với uid=ef5f372735d24dbdacb70f7f9e9e6b9a: Value 'PROPOSED' is not a valid RecognitionStatus
2025-07-01 12:35:23,839 - ontology_migration - ERROR - Lỗi khi chuẩn hóa EntityType.RECOGNITION với uid=6bad2dc0ac8c4b3b9d999255f33f1637: Value 'PROPOSED' is not a valid RecognitionStatus
2025-07-01 12:35:23,839 - ontology_migration - ERROR - Lỗi khi chuẩn hóa EntityType.RECOGNITION với uid=b4836e803feb4c6f89c942b2fb22e567: Value 'PROPOSED' is not a valid RecognitionStatus
2025-07-01 12:35:23,839 - ontology_migration - ERROR - Lỗi khi chuẩn hóa EntityType.RECOGNITION với uid=09ea093752644abe94db94d3b2ed59ea: Value 'PROPOSED' is not a valid RecognitionStatus
2025-07-01 12:35:23,839 - ontology_migration - ERROR - Lỗi khi chuẩn hóa EntityType.RECOGNITION với uid=dab29a47aa1149829033dce4034db6a7: Value 'PROPOSED' is not a valid RecognitionStatus
2025-07-01 12:35:23,839 - ontology_migration - ERROR - Lỗi khi chuẩn hóa EntityType.RECOGNITION với uid=5da0431a5aab40a2bb215dde9391a6ac: Value 'PROPOSED' is not a valid RecognitionStatus
2025-07-01 12:35:23,839 - ontology_migration - ERROR - Lỗi khi chuẩn hóa EntityType.RECOGNITION với uid=812e370a7e1941cfa87dbbdbf97da5f3: Value 'PROPOSED' is not a valid RecognitionStatus
2025-07-01 12:35:23,839 - ontology_migration - ERROR - Lỗi khi chuẩn hóa EntityType.RECOGNITION với uid=bf380475a7ce4099a76912f55b66f19c: Value 'PROPOSED' is not a valid RecognitionStatus
2025-07-01 12:35:23,839 - ontology_migration - INFO - Đã xử lý tổng cộng 14 recognition
2025-07-01 12:35:23,839 - ontology_migration - INFO - Hoàn thành migration cho recognition. Đã xử lý 14 records.
2025-07-01 12:35:23,839 - ontology_migration - INFO - Bắt đầu migration cho task
2025-07-01 12:35:23,982 - ontology_migration - INFO - Xử lý batch 1 với 39 task
2025-07-01 12:35:23,982 - ontology_migration - ERROR - Lỗi khi chuẩn hóa EntityType.TASK với uid=a7786a4795bf49e29a81235126d1b124: Value 'InProgress' is not a valid TaskStatus
2025-07-01 12:35:23,982 - ontology_migration - ERROR - Lỗi khi chuẩn hóa EntityType.TASK với uid=9a203af9ec2048098216834da144fdf9: Value 'ToDo' is not a valid TaskStatus
2025-07-01 12:35:23,982 - ontology_migration - ERROR - Lỗi khi chuẩn hóa EntityType.TASK với uid=b1dc1bf28f5848d68f21e2ac5238dc45: Value 'InProgress' is not a valid TaskStatus
2025-07-01 12:35:23,982 - ontology_migration - ERROR - Lỗi khi chuẩn hóa EntityType.TASK với uid=e536922ae35c4a21b1d9146b6ff64cc5: Value 'ToDo' is not a valid TaskStatus
2025-07-01 12:35:23,982 - ontology_migration - ERROR - Lỗi khi chuẩn hóa EntityType.TASK với uid=8fc646f528b346ceb1c54489f47a724d: Value 'InProgress' is not a valid TaskStatus
2025-07-01 12:35:23,982 - ontology_migration - ERROR - Lỗi khi chuẩn hóa EntityType.TASK với uid=ac36027a1a334399ad0153a68200ea65: Value 'ToDo' is not a valid TaskStatus
2025-07-01 12:35:23,982 - ontology_migration - ERROR - Lỗi khi chuẩn hóa EntityType.TASK với uid=c8184b42abe2456cbe91795539fa3caa: Value 'InProgress' is not a valid TaskStatus
2025-07-01 12:35:23,982 - ontology_migration - ERROR - Lỗi khi chuẩn hóa EntityType.TASK với uid=d3fc3818ff6644e6b9e83e85543d26d5: Value 'ToDo' is not a valid TaskStatus
2025-07-01 12:35:23,982 - ontology_migration - ERROR - Lỗi khi chuẩn hóa EntityType.TASK với uid=fafcd9239ebb4ad690f55b228c5d54df: Value 'InProgress' is not a valid TaskStatus
2025-07-01 12:35:23,982 - ontology_migration - ERROR - Lỗi khi chuẩn hóa EntityType.TASK với uid=b5bd9dc74e7a4fdfa5974bac97c56923: Value 'ToDo' is not a valid TaskStatus
2025-07-01 12:35:23,982 - ontology_migration - ERROR - Lỗi khi chuẩn hóa EntityType.TASK với uid=c0eceb2c457345c99902502fac43fd9b: Value 'InProgress' is not a valid TaskStatus
2025-07-01 12:35:23,982 - ontology_migration - ERROR - Lỗi khi chuẩn hóa EntityType.TASK với uid=2485febe7a92468baf98a1b98f8cabc4: Value 'ToDo' is not a valid TaskStatus
2025-07-01 12:35:23,982 - ontology_migration - ERROR - Lỗi khi chuẩn hóa EntityType.TASK với uid=f05ce1bfd20b44e8af2e7d9a1c897acd: Value 'InProgress' is not a valid TaskStatus
2025-07-01 12:35:23,983 - ontology_migration - ERROR - Lỗi khi chuẩn hóa EntityType.TASK với uid=5fd06ee85885475ab6854cec5df5566c: Value 'ToDo' is not a valid TaskStatus
2025-07-01 12:35:23,983 - ontology_migration - ERROR - Lỗi khi chuẩn hóa EntityType.TASK với uid=229f65ba56c944c58500237dea00b769: Value 'ToDo' is not a valid TaskStatus
2025-07-01 12:35:23,983 - ontology_migration - ERROR - Lỗi khi chuẩn hóa EntityType.TASK với uid=be1e2c1b846e4ff296bbd5fe4ba13540: Value 'ToDo' is not a valid TaskStatus
2025-07-01 12:35:23,983 - ontology_migration - ERROR - Lỗi khi chuẩn hóa EntityType.TASK với uid=c8a7a70b09924b89a2b5d4b7a6f605fc: Value 'ToDo' is not a valid TaskStatus
2025-07-01 12:35:23,983 - ontology_migration - ERROR - Lỗi khi chuẩn hóa EntityType.TASK với uid=33565d094d8d40ac97cbf0399a786b82: Value 'ToDo' is not a valid TaskStatus
2025-07-01 12:35:23,983 - ontology_migration - ERROR - Lỗi khi chuẩn hóa EntityType.TASK với uid=2472fa1703d34b93b0cf1ade455ae5dc: Value 'ToDo' is not a valid TaskStatus
2025-07-01 12:35:23,983 - ontology_migration - ERROR - Lỗi khi chuẩn hóa EntityType.TASK với uid=dfb36e78d76e47e2b297f38dd7941144: Value 'ToDo' is not a valid TaskStatus
2025-07-01 12:35:23,983 - ontology_migration - ERROR - Lỗi khi chuẩn hóa EntityType.TASK với uid=15ea25c72c304e94b2bd540c25a4ad05: Value 'ToDo' is not a valid TaskStatus
2025-07-01 12:35:23,983 - ontology_migration - ERROR - Lỗi khi chuẩn hóa EntityType.TASK với uid=9e8227a8e7404727ae0898782029f20e: Value 'ToDo' is not a valid TaskStatus
2025-07-01 12:35:23,983 - ontology_migration - ERROR - Lỗi khi chuẩn hóa EntityType.TASK với uid=005e33c63a474d3aa1bb884042573794: Value 'ToDo' is not a valid TaskStatus
2025-07-01 12:35:23,983 - ontology_migration - ERROR - Lỗi khi chuẩn hóa EntityType.TASK với uid=9d09aaca077544b48bb2d44deaebd433: Value 'ToDo' is not a valid TaskStatus
2025-07-01 12:35:23,983 - ontology_migration - ERROR - Lỗi khi chuẩn hóa EntityType.TASK với uid=51bb635256a0475cab647b12c97d85ea: Value 'ToDo' is not a valid TaskStatus
2025-07-01 12:35:23,983 - ontology_migration - ERROR - Lỗi khi chuẩn hóa EntityType.TASK với uid=63f40dc49a6a4228bf002f89f7c3e2e6: Value 'ToDo' is not a valid TaskStatus
2025-07-01 12:35:23,983 - ontology_migration - ERROR - Lỗi khi chuẩn hóa EntityType.TASK với uid=76483e6716c9418ea34adac02c46fa52: Value 'ToDo' is not a valid TaskStatus
2025-07-01 12:35:23,983 - ontology_migration - ERROR - Lỗi khi chuẩn hóa EntityType.TASK với uid=6c4957a044674fae9467145cc28b59ac: Value 'ToDo' is not a valid TaskStatus
2025-07-01 12:35:23,983 - ontology_migration - ERROR - Lỗi khi chuẩn hóa EntityType.TASK với uid=6094221c73034fbd992c3399e9fb2c7f: Value 'ToDo' is not a valid TaskStatus
2025-07-01 12:35:23,983 - ontology_migration - ERROR - Lỗi khi chuẩn hóa EntityType.TASK với uid=e1773d3dcc0548cebc6fe873482a4553: Value 'ToDo' is not a valid TaskStatus
2025-07-01 12:35:23,983 - ontology_migration - ERROR - Lỗi khi chuẩn hóa EntityType.TASK với uid=d4993e5811a940608a300d64dd6d0b90: Value 'ToDo' is not a valid TaskStatus
2025-07-01 12:35:23,983 - ontology_migration - ERROR - Lỗi khi chuẩn hóa EntityType.TASK với uid=f980dd4dda7c4a9f9d809b98b77ed0a6: Value 'ToDo' is not a valid TaskStatus
2025-07-01 12:35:23,983 - ontology_migration - ERROR - Lỗi khi chuẩn hóa EntityType.TASK với uid=d188f5e4f7c5486aa38507e774a70a34: Value 'ToDo' is not a valid TaskStatus
2025-07-01 12:35:23,985 - ontology_migration - ERROR - Lỗi khi chuẩn hóa EntityType.TASK với uid=90eb8b5fd8fa42f69ca7e089f68dfca6: Value 'ToDo' is not a valid TaskStatus
2025-07-01 12:35:23,985 - ontology_migration - ERROR - Lỗi khi chuẩn hóa EntityType.TASK với uid=1db74051c2434f19bd31233188f0fe49: Value 'ToDo' is not a valid TaskStatus
2025-07-01 12:35:23,985 - ontology_migration - ERROR - Lỗi khi chuẩn hóa EntityType.TASK với uid=d646fe6ba02e4632be82e2cd3fc05a7d: Value 'ToDo' is not a valid TaskStatus
2025-07-01 12:35:23,985 - ontology_migration - ERROR - Lỗi khi chuẩn hóa EntityType.TASK với uid=8e68f33666854324ac53fb449af0ec35: Value 'ToDo' is not a valid TaskStatus
2025-07-01 12:35:23,985 - ontology_migration - ERROR - Lỗi khi chuẩn hóa EntityType.TASK với uid=800647c1f3c848abb2da562397c1a0ea: Value 'ToDo' is not a valid TaskStatus
2025-07-01 12:35:23,985 - ontology_migration - ERROR - Lỗi khi chuẩn hóa EntityType.TASK với uid=b2fdc6fbeff4425a96500f0884bd1853: Value 'ToDo' is not a valid TaskStatus
2025-07-01 12:35:23,985 - ontology_migration - INFO - Đã xử lý tổng cộng 39 task
2025-07-01 12:35:23,985 - ontology_migration - INFO - Hoàn thành migration cho task. Đã xử lý 39 records.
2025-07-01 12:35:23,985 - ontology_migration - INFO - Bắt đầu migration cho event
2025-07-01 12:35:24,065 - ontology_migration - INFO - Xử lý batch 1 với 8 event
2025-07-01 12:35:24,065 - ontology_migration - INFO - Đã xử lý tổng cộng 8 event
2025-07-01 12:35:24,065 - ontology_migration - INFO - Hoàn thành migration cho event. Đã xử lý 8 records.
2025-07-01 12:35:24,065 - ontology_migration - INFO - Bắt đầu migration cho knowledge_snippet
2025-07-01 12:35:24,141 - ontology_migration - INFO - Đã xử lý tổng cộng 0 knowledge_snippet
2025-07-01 12:35:24,141 - ontology_migration - INFO - Hoàn thành migration cho knowledge_snippet. Đã xử lý 0 records.
2025-07-01 12:35:24,141 - ontology_migration - INFO - Migration hoàn tất. Tổng thời gian: 0:00:01.250112
2025-07-01 12:35:24,141 - ontology_migration - INFO - Tổng số records đã xử lý: 61
2025-07-01 12:35:24,141 - ontology_migration - INFO - Thống kê: {
  "total": 61,
  "success": 0,
  "failed": 0,
  "skipped": 61,
  "entity_stats": {
    "win": {
      "total": 0,
      "success": 0,
      "failed": 0,
      "skipped": 0
    },
    "recognition": {
      "total": 14,
      "success": 0,
      "failed": 0,
      "skipped": 14
    },
    "task": {
      "total": 39,
      "success": 0,
      "failed": 0,
      "skipped": 39
    },
    "event": {
      "total": 8,
      "success": 0,
      "failed": 0,
      "skipped": 8
    },
    "knowledge_snippet": {
      "total": 0,
      "success": 0,
      "failed": 0,
      "skipped": 0
    }
  }
}
2025-07-01 12:38:08,732 - ontology_migration - INFO - Bắt đầu migration ontology vào 2025-07-01 12:38:08.732982
2025-07-01 12:38:08,732 - ontology_migration - INFO - Chế độ DRY RUN: True
2025-07-01 12:38:08,732 - ontology_migration - INFO - Bắt đầu migration cho win
2025-07-01 12:38:09,943 - ontology_migration - INFO - Đã xử lý tổng cộng 0 win
2025-07-01 12:38:09,943 - ontology_migration - INFO - Hoàn thành migration cho win. Đã xử lý 0 records.
2025-07-01 12:38:09,943 - ontology_migration - INFO - Bắt đầu migration cho recognition
2025-07-01 12:38:10,016 - ontology_migration - INFO - Xử lý batch 1 với 14 recognition
2025-07-01 12:38:10,016 - ontology_migration - ERROR - Lỗi khi chuẩn hóa EntityType.RECOGNITION với uid=0c94bf88fa9743deaa22cf5c4ea16466: Value 'GRATITUDE' is not a valid RecognitionType
2025-07-01 12:38:10,016 - ontology_migration - ERROR - Lỗi khi chuẩn hóa EntityType.RECOGNITION với uid=59796bec7fe6498193b9e6511a25ad0a: Value 'GRATITUDE' is not a valid RecognitionType
2025-07-01 12:38:10,016 - ontology_migration - ERROR - Lỗi khi chuẩn hóa EntityType.RECOGNITION với uid=11e1c3bbbd20489b8f9dfe563da8ba6d: Value 'GRATITUDE' is not a valid RecognitionType
2025-07-01 12:38:10,016 - ontology_migration - ERROR - Lỗi khi chuẩn hóa EntityType.RECOGNITION với uid=22cd164c559f4eab94b2030a01386a07: Value 'GRATITUDE' is not a valid RecognitionType
2025-07-01 12:38:10,016 - ontology_migration - ERROR - Lỗi khi chuẩn hóa EntityType.RECOGNITION với uid=6d93cde49aa44f03b2ebe6b0f28cda09: Value 'GRATITUDE' is not a valid RecognitionType
2025-07-01 12:38:10,016 - ontology_migration - ERROR - Lỗi khi chuẩn hóa EntityType.RECOGNITION với uid=c2bb9ed93bf84e708ec262faa680eed1: Value 'GRATITUDE' is not a valid RecognitionType
2025-07-01 12:38:10,016 - ontology_migration - ERROR - Lỗi khi chuẩn hóa EntityType.RECOGNITION với uid=ef5f372735d24dbdacb70f7f9e9e6b9a: Value 'KUDOS' is not a valid RecognitionType
2025-07-01 12:38:10,016 - ontology_migration - ERROR - Lỗi khi chuẩn hóa EntityType.RECOGNITION với uid=6bad2dc0ac8c4b3b9d999255f33f1637: Value 'KUDOS' is not a valid RecognitionType
2025-07-01 12:38:10,016 - ontology_migration - ERROR - Lỗi khi chuẩn hóa EntityType.RECOGNITION với uid=b4836e803feb4c6f89c942b2fb22e567: Value 'KUDOS' is not a valid RecognitionType
2025-07-01 12:38:10,016 - ontology_migration - ERROR - Lỗi khi chuẩn hóa EntityType.RECOGNITION với uid=09ea093752644abe94db94d3b2ed59ea: Value 'KUDOS' is not a valid RecognitionType
2025-07-01 12:38:10,017 - ontology_migration - ERROR - Lỗi khi chuẩn hóa EntityType.RECOGNITION với uid=5da0431a5aab40a2bb215dde9391a6ac: Value 'KUDOS' is not a valid RecognitionType
2025-07-01 12:38:10,017 - ontology_migration - ERROR - Lỗi khi chuẩn hóa EntityType.RECOGNITION với uid=812e370a7e1941cfa87dbbdbf97da5f3: Value 'KUDOS' is not a valid RecognitionType
2025-07-01 12:38:10,017 - ontology_migration - ERROR - Lỗi khi chuẩn hóa EntityType.RECOGNITION với uid=bf380475a7ce4099a76912f55b66f19c: Value 'KUDOS' is not a valid RecognitionType
2025-07-01 12:38:10,017 - ontology_migration - INFO - Đã xử lý tổng cộng 14 recognition
2025-07-01 12:38:10,017 - ontology_migration - INFO - Hoàn thành migration cho recognition. Đã xử lý 14 records.
2025-07-01 12:38:10,017 - ontology_migration - INFO - Bắt đầu migration cho task
2025-07-01 12:38:10,160 - ontology_migration - INFO - Xử lý batch 1 với 39 task
2025-07-01 12:38:10,160 - ontology_migration - INFO - Các thay đổi cho task (uid=a7786a4795bf49e29a81235126d1b124): {"task_type": "FEATURE"}
2025-07-01 12:38:10,160 - ontology_migration - INFO - [DRY RUN] Sẽ cập nhật task với uid=a7786a4795bf49e29a81235126d1b124
2025-07-01 12:38:10,160 - ontology_migration - INFO - Các thay đổi cho task (uid=9a203af9ec2048098216834da144fdf9): {"task_type": "FEATURE"}
2025-07-01 12:38:10,160 - ontology_migration - INFO - [DRY RUN] Sẽ cập nhật task với uid=9a203af9ec2048098216834da144fdf9
2025-07-01 12:38:10,160 - ontology_migration - INFO - Các thay đổi cho task (uid=b1dc1bf28f5848d68f21e2ac5238dc45): {"task_type": "FEATURE"}
2025-07-01 12:38:10,160 - ontology_migration - INFO - [DRY RUN] Sẽ cập nhật task với uid=b1dc1bf28f5848d68f21e2ac5238dc45
2025-07-01 12:38:10,160 - ontology_migration - INFO - Các thay đổi cho task (uid=e536922ae35c4a21b1d9146b6ff64cc5): {"task_type": "FEATURE"}
2025-07-01 12:38:10,160 - ontology_migration - INFO - [DRY RUN] Sẽ cập nhật task với uid=e536922ae35c4a21b1d9146b6ff64cc5
2025-07-01 12:38:10,160 - ontology_migration - INFO - Các thay đổi cho task (uid=8fc646f528b346ceb1c54489f47a724d): {"task_type": "FEATURE"}
2025-07-01 12:38:10,161 - ontology_migration - INFO - [DRY RUN] Sẽ cập nhật task với uid=8fc646f528b346ceb1c54489f47a724d
2025-07-01 12:38:10,161 - ontology_migration - INFO - Các thay đổi cho task (uid=ac36027a1a334399ad0153a68200ea65): {"task_type": "FEATURE"}
2025-07-01 12:38:10,161 - ontology_migration - INFO - [DRY RUN] Sẽ cập nhật task với uid=ac36027a1a334399ad0153a68200ea65
2025-07-01 12:38:10,161 - ontology_migration - INFO - Các thay đổi cho task (uid=c8184b42abe2456cbe91795539fa3caa): {"task_type": "FEATURE"}
2025-07-01 12:38:10,161 - ontology_migration - INFO - [DRY RUN] Sẽ cập nhật task với uid=c8184b42abe2456cbe91795539fa3caa
2025-07-01 12:38:10,161 - ontology_migration - INFO - Các thay đổi cho task (uid=d3fc3818ff6644e6b9e83e85543d26d5): {"task_type": "FEATURE"}
2025-07-01 12:38:10,161 - ontology_migration - INFO - [DRY RUN] Sẽ cập nhật task với uid=d3fc3818ff6644e6b9e83e85543d26d5
2025-07-01 12:38:10,161 - ontology_migration - INFO - Các thay đổi cho task (uid=fafcd9239ebb4ad690f55b228c5d54df): {"task_type": "FEATURE"}
2025-07-01 12:38:10,161 - ontology_migration - INFO - [DRY RUN] Sẽ cập nhật task với uid=fafcd9239ebb4ad690f55b228c5d54df
2025-07-01 12:38:10,161 - ontology_migration - INFO - Các thay đổi cho task (uid=b5bd9dc74e7a4fdfa5974bac97c56923): {"task_type": "FEATURE"}
2025-07-01 12:38:10,161 - ontology_migration - INFO - [DRY RUN] Sẽ cập nhật task với uid=b5bd9dc74e7a4fdfa5974bac97c56923
2025-07-01 12:38:10,161 - ontology_migration - INFO - Các thay đổi cho task (uid=c0eceb2c457345c99902502fac43fd9b): {"task_type": "FEATURE"}
2025-07-01 12:38:10,161 - ontology_migration - INFO - [DRY RUN] Sẽ cập nhật task với uid=c0eceb2c457345c99902502fac43fd9b
2025-07-01 12:38:10,162 - ontology_migration - INFO - Các thay đổi cho task (uid=2485febe7a92468baf98a1b98f8cabc4): {"task_type": "FEATURE"}
2025-07-01 12:38:10,162 - ontology_migration - INFO - [DRY RUN] Sẽ cập nhật task với uid=2485febe7a92468baf98a1b98f8cabc4
2025-07-01 12:38:10,162 - ontology_migration - INFO - Các thay đổi cho task (uid=f05ce1bfd20b44e8af2e7d9a1c897acd): {"task_type": "FEATURE"}
2025-07-01 12:38:10,162 - ontology_migration - INFO - [DRY RUN] Sẽ cập nhật task với uid=f05ce1bfd20b44e8af2e7d9a1c897acd
2025-07-01 12:38:10,162 - ontology_migration - INFO - Các thay đổi cho task (uid=5fd06ee85885475ab6854cec5df5566c): {"task_type": "FEATURE"}
2025-07-01 12:38:10,162 - ontology_migration - INFO - [DRY RUN] Sẽ cập nhật task với uid=5fd06ee85885475ab6854cec5df5566c
2025-07-01 12:38:10,162 - ontology_migration - INFO - Các thay đổi cho task (uid=229f65ba56c944c58500237dea00b769): {"task_type": "FEATURE"}
2025-07-01 12:38:10,162 - ontology_migration - INFO - [DRY RUN] Sẽ cập nhật task với uid=229f65ba56c944c58500237dea00b769
2025-07-01 12:38:10,162 - ontology_migration - INFO - Các thay đổi cho task (uid=be1e2c1b846e4ff296bbd5fe4ba13540): {"task_type": "FEATURE"}
2025-07-01 12:38:10,162 - ontology_migration - INFO - [DRY RUN] Sẽ cập nhật task với uid=be1e2c1b846e4ff296bbd5fe4ba13540
2025-07-01 12:38:10,162 - ontology_migration - INFO - Các thay đổi cho task (uid=c8a7a70b09924b89a2b5d4b7a6f605fc): {"task_type": "FEATURE"}
2025-07-01 12:38:10,162 - ontology_migration - INFO - [DRY RUN] Sẽ cập nhật task với uid=c8a7a70b09924b89a2b5d4b7a6f605fc
2025-07-01 12:38:10,162 - ontology_migration - INFO - Các thay đổi cho task (uid=33565d094d8d40ac97cbf0399a786b82): {"task_type": "FEATURE"}
2025-07-01 12:38:10,162 - ontology_migration - INFO - [DRY RUN] Sẽ cập nhật task với uid=33565d094d8d40ac97cbf0399a786b82
2025-07-01 12:38:10,162 - ontology_migration - INFO - Các thay đổi cho task (uid=2472fa1703d34b93b0cf1ade455ae5dc): {"task_type": "FEATURE"}
2025-07-01 12:38:10,162 - ontology_migration - INFO - [DRY RUN] Sẽ cập nhật task với uid=2472fa1703d34b93b0cf1ade455ae5dc
2025-07-01 12:38:10,163 - ontology_migration - INFO - Các thay đổi cho task (uid=dfb36e78d76e47e2b297f38dd7941144): {"task_type": "FEATURE"}
2025-07-01 12:38:10,163 - ontology_migration - INFO - [DRY RUN] Sẽ cập nhật task với uid=dfb36e78d76e47e2b297f38dd7941144
2025-07-01 12:38:10,163 - ontology_migration - INFO - Các thay đổi cho task (uid=15ea25c72c304e94b2bd540c25a4ad05): {"task_type": "FEATURE"}
2025-07-01 12:38:10,163 - ontology_migration - INFO - [DRY RUN] Sẽ cập nhật task với uid=15ea25c72c304e94b2bd540c25a4ad05
2025-07-01 12:38:10,163 - ontology_migration - INFO - Các thay đổi cho task (uid=9e8227a8e7404727ae0898782029f20e): {"task_type": "FEATURE"}
2025-07-01 12:38:10,163 - ontology_migration - INFO - [DRY RUN] Sẽ cập nhật task với uid=9e8227a8e7404727ae0898782029f20e
2025-07-01 12:38:10,163 - ontology_migration - INFO - Các thay đổi cho task (uid=005e33c63a474d3aa1bb884042573794): {"task_type": "FEATURE"}
2025-07-01 12:38:10,163 - ontology_migration - INFO - [DRY RUN] Sẽ cập nhật task với uid=005e33c63a474d3aa1bb884042573794
2025-07-01 12:38:10,163 - ontology_migration - INFO - Các thay đổi cho task (uid=9d09aaca077544b48bb2d44deaebd433): {"task_type": "FEATURE"}
2025-07-01 12:38:10,163 - ontology_migration - INFO - [DRY RUN] Sẽ cập nhật task với uid=9d09aaca077544b48bb2d44deaebd433
2025-07-01 12:38:10,163 - ontology_migration - INFO - Các thay đổi cho task (uid=51bb635256a0475cab647b12c97d85ea): {"task_type": "FEATURE"}
2025-07-01 12:38:10,163 - ontology_migration - INFO - [DRY RUN] Sẽ cập nhật task với uid=51bb635256a0475cab647b12c97d85ea
2025-07-01 12:38:10,163 - ontology_migration - INFO - Các thay đổi cho task (uid=63f40dc49a6a4228bf002f89f7c3e2e6): {"task_type": "FEATURE"}
2025-07-01 12:38:10,163 - ontology_migration - INFO - [DRY RUN] Sẽ cập nhật task với uid=63f40dc49a6a4228bf002f89f7c3e2e6
2025-07-01 12:38:10,163 - ontology_migration - INFO - Các thay đổi cho task (uid=76483e6716c9418ea34adac02c46fa52): {"task_type": "FEATURE"}
2025-07-01 12:38:10,163 - ontology_migration - INFO - [DRY RUN] Sẽ cập nhật task với uid=76483e6716c9418ea34adac02c46fa52
2025-07-01 12:38:10,164 - ontology_migration - INFO - Các thay đổi cho task (uid=6c4957a044674fae9467145cc28b59ac): {"task_type": "FEATURE"}
2025-07-01 12:38:10,164 - ontology_migration - INFO - [DRY RUN] Sẽ cập nhật task với uid=6c4957a044674fae9467145cc28b59ac
2025-07-01 12:38:10,164 - ontology_migration - INFO - Các thay đổi cho task (uid=6094221c73034fbd992c3399e9fb2c7f): {"task_type": "FEATURE"}
2025-07-01 12:38:10,164 - ontology_migration - INFO - [DRY RUN] Sẽ cập nhật task với uid=6094221c73034fbd992c3399e9fb2c7f
2025-07-01 12:38:10,164 - ontology_migration - INFO - Các thay đổi cho task (uid=e1773d3dcc0548cebc6fe873482a4553): {"task_type": "FEATURE"}
2025-07-01 12:38:10,164 - ontology_migration - INFO - [DRY RUN] Sẽ cập nhật task với uid=e1773d3dcc0548cebc6fe873482a4553
2025-07-01 12:38:10,164 - ontology_migration - INFO - Các thay đổi cho task (uid=d4993e5811a940608a300d64dd6d0b90): {"task_type": "FEATURE"}
2025-07-01 12:38:10,164 - ontology_migration - INFO - [DRY RUN] Sẽ cập nhật task với uid=d4993e5811a940608a300d64dd6d0b90
2025-07-01 12:38:10,164 - ontology_migration - INFO - Các thay đổi cho task (uid=f980dd4dda7c4a9f9d809b98b77ed0a6): {"task_type": "FEATURE"}
2025-07-01 12:38:10,164 - ontology_migration - INFO - [DRY RUN] Sẽ cập nhật task với uid=f980dd4dda7c4a9f9d809b98b77ed0a6
2025-07-01 12:38:10,164 - ontology_migration - INFO - Các thay đổi cho task (uid=d188f5e4f7c5486aa38507e774a70a34): {"task_type": "FEATURE"}
2025-07-01 12:38:10,164 - ontology_migration - INFO - [DRY RUN] Sẽ cập nhật task với uid=d188f5e4f7c5486aa38507e774a70a34
2025-07-01 12:38:10,164 - ontology_migration - INFO - Các thay đổi cho task (uid=90eb8b5fd8fa42f69ca7e089f68dfca6): {"task_type": "FEATURE"}
2025-07-01 12:38:10,164 - ontology_migration - INFO - [DRY RUN] Sẽ cập nhật task với uid=90eb8b5fd8fa42f69ca7e089f68dfca6
2025-07-01 12:38:10,164 - ontology_migration - INFO - Các thay đổi cho task (uid=1db74051c2434f19bd31233188f0fe49): {"task_type": "FEATURE"}
2025-07-01 12:38:10,164 - ontology_migration - INFO - [DRY RUN] Sẽ cập nhật task với uid=1db74051c2434f19bd31233188f0fe49
2025-07-01 12:38:10,164 - ontology_migration - INFO - Các thay đổi cho task (uid=d646fe6ba02e4632be82e2cd3fc05a7d): {"task_type": "FEATURE"}
2025-07-01 12:38:10,164 - ontology_migration - INFO - [DRY RUN] Sẽ cập nhật task với uid=d646fe6ba02e4632be82e2cd3fc05a7d
2025-07-01 12:38:10,164 - ontology_migration - INFO - Các thay đổi cho task (uid=8e68f33666854324ac53fb449af0ec35): {"task_type": "FEATURE"}
2025-07-01 12:38:10,164 - ontology_migration - INFO - [DRY RUN] Sẽ cập nhật task với uid=8e68f33666854324ac53fb449af0ec35
2025-07-01 12:38:10,164 - ontology_migration - INFO - Các thay đổi cho task (uid=800647c1f3c848abb2da562397c1a0ea): {"task_type": "FEATURE"}
2025-07-01 12:38:10,164 - ontology_migration - INFO - [DRY RUN] Sẽ cập nhật task với uid=800647c1f3c848abb2da562397c1a0ea
2025-07-01 12:38:10,164 - ontology_migration - INFO - Các thay đổi cho task (uid=b2fdc6fbeff4425a96500f0884bd1853): {"task_type": "FEATURE"}
2025-07-01 12:38:10,164 - ontology_migration - INFO - [DRY RUN] Sẽ cập nhật task với uid=b2fdc6fbeff4425a96500f0884bd1853
2025-07-01 12:38:10,164 - ontology_migration - INFO - Đã xử lý tổng cộng 39 task
2025-07-01 12:38:10,164 - ontology_migration - INFO - Hoàn thành migration cho task. Đã xử lý 39 records.
2025-07-01 12:38:10,164 - ontology_migration - INFO - Bắt đầu migration cho event
2025-07-01 12:38:10,244 - ontology_migration - INFO - Xử lý batch 1 với 8 event
2025-07-01 12:38:10,244 - ontology_migration - INFO - Đã xử lý tổng cộng 8 event
2025-07-01 12:38:10,244 - ontology_migration - INFO - Hoàn thành migration cho event. Đã xử lý 8 records.
2025-07-01 12:38:10,244 - ontology_migration - INFO - Bắt đầu migration cho knowledge_snippet
2025-07-01 12:38:10,319 - ontology_migration - INFO - Đã xử lý tổng cộng 0 knowledge_snippet
2025-07-01 12:38:10,320 - ontology_migration - INFO - Hoàn thành migration cho knowledge_snippet. Đã xử lý 0 records.
2025-07-01 12:38:10,320 - ontology_migration - INFO - Migration hoàn tất. Tổng thời gian: 0:00:01.587884
2025-07-01 12:38:10,320 - ontology_migration - INFO - Tổng số records đã xử lý: 61
2025-07-01 12:38:10,320 - ontology_migration - INFO - Thống kê: {
  "total": 61,
  "success": 0,
  "failed": 0,
  "skipped": 61,
  "entity_stats": {
    "win": {
      "total": 0,
      "success": 0,
      "failed": 0,
      "skipped": 0
    },
    "recognition": {
      "total": 14,
      "success": 0,
      "failed": 0,
      "skipped": 14
    },
    "task": {
      "total": 39,
      "success": 0,
      "failed": 0,
      "skipped": 39
    },
    "event": {
      "total": 8,
      "success": 0,
      "failed": 0,
      "skipped": 8
    },
    "knowledge_snippet": {
      "total": 0,
      "success": 0,
      "failed": 0,
      "skipped": 0
    }
  }
}
2025-07-01 12:38:25,622 - ontology_migration - INFO - Bắt đầu migration ontology vào 2025-07-01 12:38:25.622518
2025-07-01 12:38:25,622 - ontology_migration - INFO - Chế độ DRY RUN: True
2025-07-01 12:38:25,622 - ontology_migration - INFO - Bắt đầu migration cho win
2025-07-01 12:38:26,326 - ontology_migration - INFO - Đã xử lý tổng cộng 0 win
2025-07-01 12:38:26,326 - ontology_migration - INFO - Hoàn thành migration cho win. Đã xử lý 0 records.
2025-07-01 12:38:26,326 - ontology_migration - INFO - Bắt đầu migration cho recognition
2025-07-01 12:38:26,385 - ontology_migration - INFO - Xử lý batch 1 với 14 recognition
2025-07-01 12:38:26,386 - ontology_migration - ERROR - Lỗi khi chuẩn hóa EntityType.RECOGNITION với uid=0c94bf88fa9743deaa22cf5c4ea16466: Value 'GRATITUDE' is not a valid RecognitionType
2025-07-01 12:38:26,386 - ontology_migration - ERROR - Lỗi khi chuẩn hóa EntityType.RECOGNITION với uid=59796bec7fe6498193b9e6511a25ad0a: Value 'GRATITUDE' is not a valid RecognitionType
2025-07-01 12:38:26,386 - ontology_migration - ERROR - Lỗi khi chuẩn hóa EntityType.RECOGNITION với uid=11e1c3bbbd20489b8f9dfe563da8ba6d: Value 'GRATITUDE' is not a valid RecognitionType
2025-07-01 12:38:26,386 - ontology_migration - ERROR - Lỗi khi chuẩn hóa EntityType.RECOGNITION với uid=22cd164c559f4eab94b2030a01386a07: Value 'GRATITUDE' is not a valid RecognitionType
2025-07-01 12:38:26,386 - ontology_migration - ERROR - Lỗi khi chuẩn hóa EntityType.RECOGNITION với uid=6d93cde49aa44f03b2ebe6b0f28cda09: Value 'GRATITUDE' is not a valid RecognitionType
2025-07-01 12:38:26,386 - ontology_migration - ERROR - Lỗi khi chuẩn hóa EntityType.RECOGNITION với uid=c2bb9ed93bf84e708ec262faa680eed1: Value 'GRATITUDE' is not a valid RecognitionType
2025-07-01 12:38:26,386 - ontology_migration - ERROR - Lỗi khi chuẩn hóa EntityType.RECOGNITION với uid=ef5f372735d24dbdacb70f7f9e9e6b9a: Value 'KUDOS' is not a valid RecognitionType
2025-07-01 12:38:26,386 - ontology_migration - ERROR - Lỗi khi chuẩn hóa EntityType.RECOGNITION với uid=6bad2dc0ac8c4b3b9d999255f33f1637: Value 'KUDOS' is not a valid RecognitionType
2025-07-01 12:38:26,387 - ontology_migration - ERROR - Lỗi khi chuẩn hóa EntityType.RECOGNITION với uid=b4836e803feb4c6f89c942b2fb22e567: Value 'KUDOS' is not a valid RecognitionType
2025-07-01 12:38:26,387 - ontology_migration - ERROR - Lỗi khi chuẩn hóa EntityType.RECOGNITION với uid=09ea093752644abe94db94d3b2ed59ea: Value 'KUDOS' is not a valid RecognitionType
2025-07-01 12:38:26,387 - ontology_migration - ERROR - Lỗi khi chuẩn hóa EntityType.RECOGNITION với uid=5da0431a5aab40a2bb215dde9391a6ac: Value 'KUDOS' is not a valid RecognitionType
2025-07-01 12:38:26,387 - ontology_migration - ERROR - Lỗi khi chuẩn hóa EntityType.RECOGNITION với uid=812e370a7e1941cfa87dbbdbf97da5f3: Value 'KUDOS' is not a valid RecognitionType
2025-07-01 12:38:26,387 - ontology_migration - ERROR - Lỗi khi chuẩn hóa EntityType.RECOGNITION với uid=bf380475a7ce4099a76912f55b66f19c: Value 'KUDOS' is not a valid RecognitionType
2025-07-01 12:38:26,387 - ontology_migration - INFO - Đã xử lý tổng cộng 14 recognition
2025-07-01 12:38:26,387 - ontology_migration - INFO - Hoàn thành migration cho recognition. Đã xử lý 14 records.
2025-07-01 12:38:26,387 - ontology_migration - INFO - Bắt đầu migration cho task
2025-07-01 12:38:26,507 - ontology_migration - INFO - Xử lý batch 1 với 39 task
2025-07-01 12:38:26,507 - ontology_migration - INFO - Các thay đổi cho task (uid=a7786a4795bf49e29a81235126d1b124): {"task_type": "FEATURE"}
2025-07-01 12:38:26,507 - ontology_migration - INFO - [DRY RUN] Sẽ cập nhật task với uid=a7786a4795bf49e29a81235126d1b124
2025-07-01 12:38:26,507 - ontology_migration - INFO - Các thay đổi cho task (uid=9a203af9ec2048098216834da144fdf9): {"task_type": "FEATURE"}
2025-07-01 12:38:26,507 - ontology_migration - INFO - [DRY RUN] Sẽ cập nhật task với uid=9a203af9ec2048098216834da144fdf9
2025-07-01 12:38:26,507 - ontology_migration - INFO - Các thay đổi cho task (uid=b1dc1bf28f5848d68f21e2ac5238dc45): {"task_type": "FEATURE"}
2025-07-01 12:38:26,507 - ontology_migration - INFO - [DRY RUN] Sẽ cập nhật task với uid=b1dc1bf28f5848d68f21e2ac5238dc45
2025-07-01 12:38:26,507 - ontology_migration - INFO - Các thay đổi cho task (uid=e536922ae35c4a21b1d9146b6ff64cc5): {"task_type": "FEATURE"}
2025-07-01 12:38:26,507 - ontology_migration - INFO - [DRY RUN] Sẽ cập nhật task với uid=e536922ae35c4a21b1d9146b6ff64cc5
2025-07-01 12:38:26,507 - ontology_migration - INFO - Các thay đổi cho task (uid=8fc646f528b346ceb1c54489f47a724d): {"task_type": "FEATURE"}
2025-07-01 12:38:26,507 - ontology_migration - INFO - [DRY RUN] Sẽ cập nhật task với uid=8fc646f528b346ceb1c54489f47a724d
2025-07-01 12:38:26,508 - ontology_migration - INFO - Các thay đổi cho task (uid=ac36027a1a334399ad0153a68200ea65): {"task_type": "FEATURE"}
2025-07-01 12:38:26,508 - ontology_migration - INFO - [DRY RUN] Sẽ cập nhật task với uid=ac36027a1a334399ad0153a68200ea65
2025-07-01 12:38:26,508 - ontology_migration - INFO - Các thay đổi cho task (uid=c8184b42abe2456cbe91795539fa3caa): {"task_type": "FEATURE"}
2025-07-01 12:38:26,508 - ontology_migration - INFO - [DRY RUN] Sẽ cập nhật task với uid=c8184b42abe2456cbe91795539fa3caa
2025-07-01 12:38:26,508 - ontology_migration - INFO - Các thay đổi cho task (uid=d3fc3818ff6644e6b9e83e85543d26d5): {"task_type": "FEATURE"}
2025-07-01 12:38:26,508 - ontology_migration - INFO - [DRY RUN] Sẽ cập nhật task với uid=d3fc3818ff6644e6b9e83e85543d26d5
2025-07-01 12:38:26,508 - ontology_migration - INFO - Các thay đổi cho task (uid=fafcd9239ebb4ad690f55b228c5d54df): {"task_type": "FEATURE"}
2025-07-01 12:38:26,508 - ontology_migration - INFO - [DRY RUN] Sẽ cập nhật task với uid=fafcd9239ebb4ad690f55b228c5d54df
2025-07-01 12:38:26,508 - ontology_migration - INFO - Các thay đổi cho task (uid=b5bd9dc74e7a4fdfa5974bac97c56923): {"task_type": "FEATURE"}
2025-07-01 12:38:26,508 - ontology_migration - INFO - [DRY RUN] Sẽ cập nhật task với uid=b5bd9dc74e7a4fdfa5974bac97c56923
2025-07-01 12:38:26,508 - ontology_migration - INFO - Các thay đổi cho task (uid=c0eceb2c457345c99902502fac43fd9b): {"task_type": "FEATURE"}
2025-07-01 12:38:26,508 - ontology_migration - INFO - [DRY RUN] Sẽ cập nhật task với uid=c0eceb2c457345c99902502fac43fd9b
2025-07-01 12:38:26,508 - ontology_migration - INFO - Các thay đổi cho task (uid=2485febe7a92468baf98a1b98f8cabc4): {"task_type": "FEATURE"}
2025-07-01 12:38:26,508 - ontology_migration - INFO - [DRY RUN] Sẽ cập nhật task với uid=2485febe7a92468baf98a1b98f8cabc4
2025-07-01 12:38:26,508 - ontology_migration - INFO - Các thay đổi cho task (uid=f05ce1bfd20b44e8af2e7d9a1c897acd): {"task_type": "FEATURE"}
2025-07-01 12:38:26,508 - ontology_migration - INFO - [DRY RUN] Sẽ cập nhật task với uid=f05ce1bfd20b44e8af2e7d9a1c897acd
2025-07-01 12:38:26,508 - ontology_migration - INFO - Các thay đổi cho task (uid=5fd06ee85885475ab6854cec5df5566c): {"task_type": "FEATURE"}
2025-07-01 12:38:26,508 - ontology_migration - INFO - [DRY RUN] Sẽ cập nhật task với uid=5fd06ee85885475ab6854cec5df5566c
2025-07-01 12:38:26,508 - ontology_migration - INFO - Các thay đổi cho task (uid=229f65ba56c944c58500237dea00b769): {"task_type": "FEATURE"}
2025-07-01 12:38:26,508 - ontology_migration - INFO - [DRY RUN] Sẽ cập nhật task với uid=229f65ba56c944c58500237dea00b769
2025-07-01 12:38:26,508 - ontology_migration - INFO - Các thay đổi cho task (uid=be1e2c1b846e4ff296bbd5fe4ba13540): {"task_type": "FEATURE"}
2025-07-01 12:38:26,508 - ontology_migration - INFO - [DRY RUN] Sẽ cập nhật task với uid=be1e2c1b846e4ff296bbd5fe4ba13540
2025-07-01 12:38:26,508 - ontology_migration - INFO - Các thay đổi cho task (uid=c8a7a70b09924b89a2b5d4b7a6f605fc): {"task_type": "FEATURE"}
2025-07-01 12:38:26,508 - ontology_migration - INFO - [DRY RUN] Sẽ cập nhật task với uid=c8a7a70b09924b89a2b5d4b7a6f605fc
2025-07-01 12:38:26,508 - ontology_migration - INFO - Các thay đổi cho task (uid=33565d094d8d40ac97cbf0399a786b82): {"task_type": "FEATURE"}
2025-07-01 12:38:26,508 - ontology_migration - INFO - [DRY RUN] Sẽ cập nhật task với uid=33565d094d8d40ac97cbf0399a786b82
2025-07-01 12:38:26,508 - ontology_migration - INFO - Các thay đổi cho task (uid=2472fa1703d34b93b0cf1ade455ae5dc): {"task_type": "FEATURE"}
2025-07-01 12:38:26,508 - ontology_migration - INFO - [DRY RUN] Sẽ cập nhật task với uid=2472fa1703d34b93b0cf1ade455ae5dc
2025-07-01 12:38:26,508 - ontology_migration - INFO - Các thay đổi cho task (uid=dfb36e78d76e47e2b297f38dd7941144): {"task_type": "FEATURE"}
2025-07-01 12:38:26,508 - ontology_migration - INFO - [DRY RUN] Sẽ cập nhật task với uid=dfb36e78d76e47e2b297f38dd7941144
2025-07-01 12:38:26,508 - ontology_migration - INFO - Các thay đổi cho task (uid=15ea25c72c304e94b2bd540c25a4ad05): {"task_type": "FEATURE"}
2025-07-01 12:38:26,508 - ontology_migration - INFO - [DRY RUN] Sẽ cập nhật task với uid=15ea25c72c304e94b2bd540c25a4ad05
2025-07-01 12:38:26,508 - ontology_migration - INFO - Các thay đổi cho task (uid=9e8227a8e7404727ae0898782029f20e): {"task_type": "FEATURE"}
2025-07-01 12:38:26,508 - ontology_migration - INFO - [DRY RUN] Sẽ cập nhật task với uid=9e8227a8e7404727ae0898782029f20e
2025-07-01 12:38:26,509 - ontology_migration - INFO - Các thay đổi cho task (uid=005e33c63a474d3aa1bb884042573794): {"task_type": "FEATURE"}
2025-07-01 12:38:26,509 - ontology_migration - INFO - [DRY RUN] Sẽ cập nhật task với uid=005e33c63a474d3aa1bb884042573794
2025-07-01 12:38:26,509 - ontology_migration - INFO - Các thay đổi cho task (uid=9d09aaca077544b48bb2d44deaebd433): {"task_type": "FEATURE"}
2025-07-01 12:38:26,509 - ontology_migration - INFO - [DRY RUN] Sẽ cập nhật task với uid=9d09aaca077544b48bb2d44deaebd433
2025-07-01 12:38:26,509 - ontology_migration - INFO - Các thay đổi cho task (uid=51bb635256a0475cab647b12c97d85ea): {"task_type": "FEATURE"}
2025-07-01 12:38:26,509 - ontology_migration - INFO - [DRY RUN] Sẽ cập nhật task với uid=51bb635256a0475cab647b12c97d85ea
2025-07-01 12:38:26,509 - ontology_migration - INFO - Các thay đổi cho task (uid=63f40dc49a6a4228bf002f89f7c3e2e6): {"task_type": "FEATURE"}
2025-07-01 12:38:26,509 - ontology_migration - INFO - [DRY RUN] Sẽ cập nhật task với uid=63f40dc49a6a4228bf002f89f7c3e2e6
2025-07-01 12:38:26,509 - ontology_migration - INFO - Các thay đổi cho task (uid=76483e6716c9418ea34adac02c46fa52): {"task_type": "FEATURE"}
2025-07-01 12:38:26,509 - ontology_migration - INFO - [DRY RUN] Sẽ cập nhật task với uid=76483e6716c9418ea34adac02c46fa52
2025-07-01 12:38:26,509 - ontology_migration - INFO - Các thay đổi cho task (uid=6c4957a044674fae9467145cc28b59ac): {"task_type": "FEATURE"}
2025-07-01 12:38:26,509 - ontology_migration - INFO - [DRY RUN] Sẽ cập nhật task với uid=6c4957a044674fae9467145cc28b59ac
2025-07-01 12:38:26,509 - ontology_migration - INFO - Các thay đổi cho task (uid=6094221c73034fbd992c3399e9fb2c7f): {"task_type": "FEATURE"}
2025-07-01 12:38:26,509 - ontology_migration - INFO - [DRY RUN] Sẽ cập nhật task với uid=6094221c73034fbd992c3399e9fb2c7f
2025-07-01 12:38:26,509 - ontology_migration - INFO - Các thay đổi cho task (uid=e1773d3dcc0548cebc6fe873482a4553): {"task_type": "FEATURE"}
2025-07-01 12:38:26,509 - ontology_migration - INFO - [DRY RUN] Sẽ cập nhật task với uid=e1773d3dcc0548cebc6fe873482a4553
2025-07-01 12:38:26,509 - ontology_migration - INFO - Các thay đổi cho task (uid=d4993e5811a940608a300d64dd6d0b90): {"task_type": "FEATURE"}
2025-07-01 12:38:26,509 - ontology_migration - INFO - [DRY RUN] Sẽ cập nhật task với uid=d4993e5811a940608a300d64dd6d0b90
2025-07-01 12:38:26,510 - ontology_migration - INFO - Các thay đổi cho task (uid=f980dd4dda7c4a9f9d809b98b77ed0a6): {"task_type": "FEATURE"}
2025-07-01 12:38:26,510 - ontology_migration - INFO - [DRY RUN] Sẽ cập nhật task với uid=f980dd4dda7c4a9f9d809b98b77ed0a6
2025-07-01 12:38:26,510 - ontology_migration - INFO - Các thay đổi cho task (uid=d188f5e4f7c5486aa38507e774a70a34): {"task_type": "FEATURE"}
2025-07-01 12:38:26,510 - ontology_migration - INFO - [DRY RUN] Sẽ cập nhật task với uid=d188f5e4f7c5486aa38507e774a70a34
2025-07-01 12:38:26,510 - ontology_migration - INFO - Các thay đổi cho task (uid=90eb8b5fd8fa42f69ca7e089f68dfca6): {"task_type": "FEATURE"}
2025-07-01 12:38:26,510 - ontology_migration - INFO - [DRY RUN] Sẽ cập nhật task với uid=90eb8b5fd8fa42f69ca7e089f68dfca6
2025-07-01 12:38:26,510 - ontology_migration - INFO - Các thay đổi cho task (uid=1db74051c2434f19bd31233188f0fe49): {"task_type": "FEATURE"}
2025-07-01 12:38:26,510 - ontology_migration - INFO - [DRY RUN] Sẽ cập nhật task với uid=1db74051c2434f19bd31233188f0fe49
2025-07-01 12:38:26,510 - ontology_migration - INFO - Các thay đổi cho task (uid=d646fe6ba02e4632be82e2cd3fc05a7d): {"task_type": "FEATURE"}
2025-07-01 12:38:26,510 - ontology_migration - INFO - [DRY RUN] Sẽ cập nhật task với uid=d646fe6ba02e4632be82e2cd3fc05a7d
2025-07-01 12:38:26,510 - ontology_migration - INFO - Các thay đổi cho task (uid=8e68f33666854324ac53fb449af0ec35): {"task_type": "FEATURE"}
2025-07-01 12:38:26,510 - ontology_migration - INFO - [DRY RUN] Sẽ cập nhật task với uid=8e68f33666854324ac53fb449af0ec35
2025-07-01 12:38:26,510 - ontology_migration - INFO - Các thay đổi cho task (uid=800647c1f3c848abb2da562397c1a0ea): {"task_type": "FEATURE"}
2025-07-01 12:38:26,510 - ontology_migration - INFO - [DRY RUN] Sẽ cập nhật task với uid=800647c1f3c848abb2da562397c1a0ea
2025-07-01 12:38:26,510 - ontology_migration - INFO - Các thay đổi cho task (uid=b2fdc6fbeff4425a96500f0884bd1853): {"task_type": "FEATURE"}
2025-07-01 12:38:26,510 - ontology_migration - INFO - [DRY RUN] Sẽ cập nhật task với uid=b2fdc6fbeff4425a96500f0884bd1853
2025-07-01 12:38:26,510 - ontology_migration - INFO - Đã xử lý tổng cộng 39 task
2025-07-01 12:38:26,510 - ontology_migration - INFO - Hoàn thành migration cho task. Đã xử lý 39 records.
2025-07-01 12:38:26,510 - ontology_migration - INFO - Bắt đầu migration cho event
2025-07-01 12:38:26,579 - ontology_migration - INFO - Xử lý batch 1 với 8 event
2025-07-01 12:38:26,579 - ontology_migration - INFO - Đã xử lý tổng cộng 8 event
2025-07-01 12:38:26,579 - ontology_migration - INFO - Hoàn thành migration cho event. Đã xử lý 8 records.
2025-07-01 12:38:26,579 - ontology_migration - INFO - Bắt đầu migration cho knowledge_snippet
2025-07-01 12:38:26,643 - ontology_migration - INFO - Đã xử lý tổng cộng 0 knowledge_snippet
2025-07-01 12:38:26,643 - ontology_migration - INFO - Hoàn thành migration cho knowledge_snippet. Đã xử lý 0 records.
2025-07-01 12:38:26,643 - ontology_migration - INFO - Migration hoàn tất. Tổng thời gian: 0:00:01.020909
2025-07-01 12:38:26,643 - ontology_migration - INFO - Tổng số records đã xử lý: 61
2025-07-01 12:38:26,643 - ontology_migration - INFO - Thống kê: {
  "total": 61,
  "success": 0,
  "failed": 0,
  "skipped": 61,
  "entity_stats": {
    "win": {
      "total": 0,
      "success": 0,
      "failed": 0,
      "skipped": 0
    },
    "recognition": {
      "total": 14,
      "success": 0,
      "failed": 0,
      "skipped": 14
    },
    "task": {
      "total": 39,
      "success": 0,
      "failed": 0,
      "skipped": 39
    },
    "event": {
      "total": 8,
      "success": 0,
      "failed": 0,
      "skipped": 8
    },
    "knowledge_snippet": {
      "total": 0,
      "success": 0,
      "failed": 0,
      "skipped": 0
    }
  }
}
2025-07-01 12:40:19,469 - ontology_migration - INFO - Bắt đầu migration ontology vào 2025-07-01 12:40:19.469468
2025-07-01 12:40:19,470 - ontology_migration - INFO - Chế độ DRY RUN: True
2025-07-01 12:40:19,470 - ontology_migration - INFO - Bắt đầu migration cho win
2025-07-01 12:40:20,669 - ontology_migration - INFO - Đã xử lý tổng cộng 0 win
2025-07-01 12:40:20,669 - ontology_migration - INFO - Hoàn thành migration cho win. Đã xử lý 0 records.
2025-07-01 12:40:20,669 - ontology_migration - INFO - Bắt đầu migration cho recognition
2025-07-01 12:40:20,748 - ontology_migration - INFO - Xử lý batch 1 với 14 recognition
2025-07-01 12:40:20,748 - ontology_migration - ERROR - Lỗi khi chuẩn hóa EntityType.RECOGNITION với uid=0c94bf88fa9743deaa22cf5c4ea16466: Value 'GRATITUDE' is not a valid RecognitionType
2025-07-01 12:40:20,748 - ontology_migration - ERROR - Lỗi khi chuẩn hóa EntityType.RECOGNITION với uid=59796bec7fe6498193b9e6511a25ad0a: Value 'GRATITUDE' is not a valid RecognitionType
2025-07-01 12:40:20,748 - ontology_migration - ERROR - Lỗi khi chuẩn hóa EntityType.RECOGNITION với uid=11e1c3bbbd20489b8f9dfe563da8ba6d: Value 'GRATITUDE' is not a valid RecognitionType
2025-07-01 12:40:20,748 - ontology_migration - ERROR - Lỗi khi chuẩn hóa EntityType.RECOGNITION với uid=22cd164c559f4eab94b2030a01386a07: Value 'GRATITUDE' is not a valid RecognitionType
2025-07-01 12:40:20,748 - ontology_migration - ERROR - Lỗi khi chuẩn hóa EntityType.RECOGNITION với uid=6d93cde49aa44f03b2ebe6b0f28cda09: Value 'GRATITUDE' is not a valid RecognitionType
2025-07-01 12:40:20,748 - ontology_migration - ERROR - Lỗi khi chuẩn hóa EntityType.RECOGNITION với uid=c2bb9ed93bf84e708ec262faa680eed1: Value 'GRATITUDE' is not a valid RecognitionType
2025-07-01 12:40:20,748 - ontology_migration - ERROR - Lỗi khi chuẩn hóa EntityType.RECOGNITION với uid=ef5f372735d24dbdacb70f7f9e9e6b9a: Value 'KUDOS' is not a valid RecognitionType
2025-07-01 12:40:20,748 - ontology_migration - ERROR - Lỗi khi chuẩn hóa EntityType.RECOGNITION với uid=6bad2dc0ac8c4b3b9d999255f33f1637: Value 'KUDOS' is not a valid RecognitionType
2025-07-01 12:40:20,748 - ontology_migration - ERROR - Lỗi khi chuẩn hóa EntityType.RECOGNITION với uid=b4836e803feb4c6f89c942b2fb22e567: Value 'KUDOS' is not a valid RecognitionType
2025-07-01 12:40:20,748 - ontology_migration - ERROR - Lỗi khi chuẩn hóa EntityType.RECOGNITION với uid=09ea093752644abe94db94d3b2ed59ea: Value 'KUDOS' is not a valid RecognitionType
2025-07-01 12:40:20,748 - ontology_migration - INFO - Các thay đổi cho recognition (uid=dab29a47aa1149829033dce4034db6a7): {"status": "DRAFT"}
2025-07-01 12:40:20,748 - ontology_migration - INFO - [DRY RUN] Sẽ cập nhật recognition với uid=dab29a47aa1149829033dce4034db6a7
2025-07-01 12:40:20,748 - ontology_migration - ERROR - Lỗi khi chuẩn hóa EntityType.RECOGNITION với uid=5da0431a5aab40a2bb215dde9391a6ac: Value 'KUDOS' is not a valid RecognitionType
2025-07-01 12:40:20,748 - ontology_migration - ERROR - Lỗi khi chuẩn hóa EntityType.RECOGNITION với uid=812e370a7e1941cfa87dbbdbf97da5f3: Value 'KUDOS' is not a valid RecognitionType
2025-07-01 12:40:20,748 - ontology_migration - ERROR - Lỗi khi chuẩn hóa EntityType.RECOGNITION với uid=bf380475a7ce4099a76912f55b66f19c: Value 'KUDOS' is not a valid RecognitionType
2025-07-01 12:40:20,748 - ontology_migration - INFO - Đã xử lý tổng cộng 14 recognition
2025-07-01 12:40:20,748 - ontology_migration - INFO - Hoàn thành migration cho recognition. Đã xử lý 14 records.
2025-07-01 12:40:20,748 - ontology_migration - INFO - Bắt đầu migration cho task
2025-07-01 12:40:20,906 - ontology_migration - INFO - Xử lý batch 1 với 39 task
2025-07-01 12:40:20,906 - ontology_migration - INFO - Các thay đổi cho task (uid=a7786a4795bf49e29a81235126d1b124): {"task_type": "FEATURE", "status": "IN_PROGRESS"}
2025-07-01 12:40:20,906 - ontology_migration - INFO - [DRY RUN] Sẽ cập nhật task với uid=a7786a4795bf49e29a81235126d1b124
2025-07-01 12:40:20,906 - ontology_migration - INFO - Các thay đổi cho task (uid=9a203af9ec2048098216834da144fdf9): {"task_type": "FEATURE", "status": "PENDING"}
2025-07-01 12:40:20,906 - ontology_migration - INFO - [DRY RUN] Sẽ cập nhật task với uid=9a203af9ec2048098216834da144fdf9
2025-07-01 12:40:20,906 - ontology_migration - INFO - Các thay đổi cho task (uid=b1dc1bf28f5848d68f21e2ac5238dc45): {"task_type": "FEATURE", "status": "IN_PROGRESS"}
2025-07-01 12:40:20,906 - ontology_migration - INFO - [DRY RUN] Sẽ cập nhật task với uid=b1dc1bf28f5848d68f21e2ac5238dc45
2025-07-01 12:40:20,906 - ontology_migration - INFO - Các thay đổi cho task (uid=e536922ae35c4a21b1d9146b6ff64cc5): {"task_type": "FEATURE", "status": "PENDING"}
2025-07-01 12:40:20,906 - ontology_migration - INFO - [DRY RUN] Sẽ cập nhật task với uid=e536922ae35c4a21b1d9146b6ff64cc5
2025-07-01 12:40:20,907 - ontology_migration - INFO - Các thay đổi cho task (uid=8fc646f528b346ceb1c54489f47a724d): {"task_type": "FEATURE", "status": "IN_PROGRESS"}
2025-07-01 12:40:20,907 - ontology_migration - INFO - [DRY RUN] Sẽ cập nhật task với uid=8fc646f528b346ceb1c54489f47a724d
2025-07-01 12:40:20,907 - ontology_migration - INFO - Các thay đổi cho task (uid=ac36027a1a334399ad0153a68200ea65): {"task_type": "FEATURE", "status": "PENDING"}
2025-07-01 12:40:20,907 - ontology_migration - INFO - [DRY RUN] Sẽ cập nhật task với uid=ac36027a1a334399ad0153a68200ea65
2025-07-01 12:40:20,907 - ontology_migration - INFO - Các thay đổi cho task (uid=c8184b42abe2456cbe91795539fa3caa): {"task_type": "FEATURE", "status": "IN_PROGRESS"}
2025-07-01 12:40:20,907 - ontology_migration - INFO - [DRY RUN] Sẽ cập nhật task với uid=c8184b42abe2456cbe91795539fa3caa
2025-07-01 12:40:20,907 - ontology_migration - INFO - Các thay đổi cho task (uid=d3fc3818ff6644e6b9e83e85543d26d5): {"task_type": "FEATURE", "status": "PENDING"}
2025-07-01 12:40:20,907 - ontology_migration - INFO - [DRY RUN] Sẽ cập nhật task với uid=d3fc3818ff6644e6b9e83e85543d26d5
2025-07-01 12:40:20,907 - ontology_migration - INFO - Các thay đổi cho task (uid=fafcd9239ebb4ad690f55b228c5d54df): {"task_type": "FEATURE", "status": "IN_PROGRESS"}
2025-07-01 12:40:20,907 - ontology_migration - INFO - [DRY RUN] Sẽ cập nhật task với uid=fafcd9239ebb4ad690f55b228c5d54df
2025-07-01 12:40:20,907 - ontology_migration - INFO - Các thay đổi cho task (uid=b5bd9dc74e7a4fdfa5974bac97c56923): {"task_type": "FEATURE", "status": "PENDING"}
2025-07-01 12:40:20,907 - ontology_migration - INFO - [DRY RUN] Sẽ cập nhật task với uid=b5bd9dc74e7a4fdfa5974bac97c56923
2025-07-01 12:40:20,907 - ontology_migration - INFO - Các thay đổi cho task (uid=c0eceb2c457345c99902502fac43fd9b): {"task_type": "FEATURE", "status": "IN_PROGRESS"}
2025-07-01 12:40:20,907 - ontology_migration - INFO - [DRY RUN] Sẽ cập nhật task với uid=c0eceb2c457345c99902502fac43fd9b
2025-07-01 12:40:20,907 - ontology_migration - INFO - Các thay đổi cho task (uid=2485febe7a92468baf98a1b98f8cabc4): {"task_type": "FEATURE", "status": "PENDING"}
2025-07-01 12:40:20,907 - ontology_migration - INFO - [DRY RUN] Sẽ cập nhật task với uid=2485febe7a92468baf98a1b98f8cabc4
2025-07-01 12:40:20,907 - ontology_migration - INFO - Các thay đổi cho task (uid=f05ce1bfd20b44e8af2e7d9a1c897acd): {"task_type": "FEATURE", "status": "IN_PROGRESS"}
2025-07-01 12:40:20,907 - ontology_migration - INFO - [DRY RUN] Sẽ cập nhật task với uid=f05ce1bfd20b44e8af2e7d9a1c897acd
2025-07-01 12:40:20,907 - ontology_migration - INFO - Các thay đổi cho task (uid=5fd06ee85885475ab6854cec5df5566c): {"task_type": "FEATURE", "status": "PENDING"}
2025-07-01 12:40:20,907 - ontology_migration - INFO - [DRY RUN] Sẽ cập nhật task với uid=5fd06ee85885475ab6854cec5df5566c
2025-07-01 12:40:20,907 - ontology_migration - INFO - Các thay đổi cho task (uid=229f65ba56c944c58500237dea00b769): {"task_type": "FEATURE", "status": "PENDING"}
2025-07-01 12:40:20,907 - ontology_migration - INFO - [DRY RUN] Sẽ cập nhật task với uid=229f65ba56c944c58500237dea00b769
2025-07-01 12:40:20,907 - ontology_migration - INFO - Các thay đổi cho task (uid=be1e2c1b846e4ff296bbd5fe4ba13540): {"task_type": "FEATURE", "status": "PENDING"}
2025-07-01 12:40:20,907 - ontology_migration - INFO - [DRY RUN] Sẽ cập nhật task với uid=be1e2c1b846e4ff296bbd5fe4ba13540
2025-07-01 12:40:20,907 - ontology_migration - INFO - Các thay đổi cho task (uid=c8a7a70b09924b89a2b5d4b7a6f605fc): {"task_type": "FEATURE", "status": "PENDING"}
2025-07-01 12:40:20,907 - ontology_migration - INFO - [DRY RUN] Sẽ cập nhật task với uid=c8a7a70b09924b89a2b5d4b7a6f605fc
2025-07-01 12:40:20,907 - ontology_migration - INFO - Các thay đổi cho task (uid=33565d094d8d40ac97cbf0399a786b82): {"task_type": "FEATURE", "status": "PENDING"}
2025-07-01 12:40:20,907 - ontology_migration - INFO - [DRY RUN] Sẽ cập nhật task với uid=33565d094d8d40ac97cbf0399a786b82
2025-07-01 12:40:20,907 - ontology_migration - INFO - Các thay đổi cho task (uid=2472fa1703d34b93b0cf1ade455ae5dc): {"task_type": "FEATURE", "status": "PENDING"}
2025-07-01 12:40:20,907 - ontology_migration - INFO - [DRY RUN] Sẽ cập nhật task với uid=2472fa1703d34b93b0cf1ade455ae5dc
2025-07-01 12:40:20,907 - ontology_migration - INFO - Các thay đổi cho task (uid=dfb36e78d76e47e2b297f38dd7941144): {"task_type": "FEATURE", "status": "PENDING"}
2025-07-01 12:40:20,908 - ontology_migration - INFO - [DRY RUN] Sẽ cập nhật task với uid=dfb36e78d76e47e2b297f38dd7941144
2025-07-01 12:40:20,908 - ontology_migration - INFO - Các thay đổi cho task (uid=15ea25c72c304e94b2bd540c25a4ad05): {"task_type": "FEATURE", "status": "PENDING"}
2025-07-01 12:40:20,908 - ontology_migration - INFO - [DRY RUN] Sẽ cập nhật task với uid=15ea25c72c304e94b2bd540c25a4ad05
2025-07-01 12:40:20,908 - ontology_migration - INFO - Các thay đổi cho task (uid=9e8227a8e7404727ae0898782029f20e): {"task_type": "FEATURE", "status": "PENDING"}
2025-07-01 12:40:20,908 - ontology_migration - INFO - [DRY RUN] Sẽ cập nhật task với uid=9e8227a8e7404727ae0898782029f20e
2025-07-01 12:40:20,908 - ontology_migration - INFO - Các thay đổi cho task (uid=005e33c63a474d3aa1bb884042573794): {"task_type": "FEATURE", "status": "PENDING"}
2025-07-01 12:40:20,908 - ontology_migration - INFO - [DRY RUN] Sẽ cập nhật task với uid=005e33c63a474d3aa1bb884042573794
2025-07-01 12:40:20,908 - ontology_migration - INFO - Các thay đổi cho task (uid=9d09aaca077544b48bb2d44deaebd433): {"task_type": "FEATURE", "status": "PENDING"}
2025-07-01 12:40:20,908 - ontology_migration - INFO - [DRY RUN] Sẽ cập nhật task với uid=9d09aaca077544b48bb2d44deaebd433
2025-07-01 12:40:20,908 - ontology_migration - INFO - Các thay đổi cho task (uid=51bb635256a0475cab647b12c97d85ea): {"task_type": "FEATURE", "status": "PENDING"}
2025-07-01 12:40:20,908 - ontology_migration - INFO - [DRY RUN] Sẽ cập nhật task với uid=51bb635256a0475cab647b12c97d85ea
2025-07-01 12:40:20,908 - ontology_migration - INFO - Các thay đổi cho task (uid=63f40dc49a6a4228bf002f89f7c3e2e6): {"task_type": "FEATURE", "status": "PENDING"}
2025-07-01 12:40:20,908 - ontology_migration - INFO - [DRY RUN] Sẽ cập nhật task với uid=63f40dc49a6a4228bf002f89f7c3e2e6
2025-07-01 12:40:20,908 - ontology_migration - INFO - Các thay đổi cho task (uid=76483e6716c9418ea34adac02c46fa52): {"task_type": "FEATURE", "status": "PENDING"}
2025-07-01 12:40:20,908 - ontology_migration - INFO - [DRY RUN] Sẽ cập nhật task với uid=76483e6716c9418ea34adac02c46fa52
2025-07-01 12:40:20,908 - ontology_migration - INFO - Các thay đổi cho task (uid=6c4957a044674fae9467145cc28b59ac): {"task_type": "FEATURE", "status": "PENDING"}
2025-07-01 12:40:20,908 - ontology_migration - INFO - [DRY RUN] Sẽ cập nhật task với uid=6c4957a044674fae9467145cc28b59ac
2025-07-01 12:40:20,908 - ontology_migration - INFO - Các thay đổi cho task (uid=6094221c73034fbd992c3399e9fb2c7f): {"task_type": "FEATURE", "status": "PENDING"}
2025-07-01 12:40:20,908 - ontology_migration - INFO - [DRY RUN] Sẽ cập nhật task với uid=6094221c73034fbd992c3399e9fb2c7f
2025-07-01 12:40:20,908 - ontology_migration - INFO - Các thay đổi cho task (uid=e1773d3dcc0548cebc6fe873482a4553): {"task_type": "FEATURE", "status": "PENDING"}
2025-07-01 12:40:20,908 - ontology_migration - INFO - [DRY RUN] Sẽ cập nhật task với uid=e1773d3dcc0548cebc6fe873482a4553
2025-07-01 12:40:20,908 - ontology_migration - INFO - Các thay đổi cho task (uid=d4993e5811a940608a300d64dd6d0b90): {"task_type": "FEATURE", "status": "PENDING"}
2025-07-01 12:40:20,908 - ontology_migration - INFO - [DRY RUN] Sẽ cập nhật task với uid=d4993e5811a940608a300d64dd6d0b90
2025-07-01 12:40:20,908 - ontology_migration - INFO - Các thay đổi cho task (uid=f980dd4dda7c4a9f9d809b98b77ed0a6): {"task_type": "FEATURE", "status": "PENDING"}
2025-07-01 12:40:20,908 - ontology_migration - INFO - [DRY RUN] Sẽ cập nhật task với uid=f980dd4dda7c4a9f9d809b98b77ed0a6
2025-07-01 12:40:20,908 - ontology_migration - INFO - Các thay đổi cho task (uid=d188f5e4f7c5486aa38507e774a70a34): {"task_type": "FEATURE", "status": "PENDING"}
2025-07-01 12:40:20,908 - ontology_migration - INFO - [DRY RUN] Sẽ cập nhật task với uid=d188f5e4f7c5486aa38507e774a70a34
2025-07-01 12:40:20,908 - ontology_migration - INFO - Các thay đổi cho task (uid=90eb8b5fd8fa42f69ca7e089f68dfca6): {"task_type": "FEATURE", "status": "PENDING"}
2025-07-01 12:40:20,908 - ontology_migration - INFO - [DRY RUN] Sẽ cập nhật task với uid=90eb8b5fd8fa42f69ca7e089f68dfca6
2025-07-01 12:40:20,908 - ontology_migration - INFO - Các thay đổi cho task (uid=1db74051c2434f19bd31233188f0fe49): {"task_type": "FEATURE", "status": "PENDING"}
2025-07-01 12:40:20,908 - ontology_migration - INFO - [DRY RUN] Sẽ cập nhật task với uid=1db74051c2434f19bd31233188f0fe49
2025-07-01 12:40:20,908 - ontology_migration - INFO - Các thay đổi cho task (uid=d646fe6ba02e4632be82e2cd3fc05a7d): {"task_type": "FEATURE", "status": "PENDING"}
2025-07-01 12:40:20,908 - ontology_migration - INFO - [DRY RUN] Sẽ cập nhật task với uid=d646fe6ba02e4632be82e2cd3fc05a7d
2025-07-01 12:40:20,908 - ontology_migration - INFO - Các thay đổi cho task (uid=8e68f33666854324ac53fb449af0ec35): {"task_type": "FEATURE", "status": "PENDING"}
2025-07-01 12:40:20,908 - ontology_migration - INFO - [DRY RUN] Sẽ cập nhật task với uid=8e68f33666854324ac53fb449af0ec35
2025-07-01 12:40:20,908 - ontology_migration - INFO - Các thay đổi cho task (uid=800647c1f3c848abb2da562397c1a0ea): {"task_type": "FEATURE", "status": "PENDING"}
2025-07-01 12:40:20,908 - ontology_migration - INFO - [DRY RUN] Sẽ cập nhật task với uid=800647c1f3c848abb2da562397c1a0ea
2025-07-01 12:40:20,909 - ontology_migration - INFO - Các thay đổi cho task (uid=b2fdc6fbeff4425a96500f0884bd1853): {"task_type": "FEATURE", "status": "PENDING"}
2025-07-01 12:40:20,909 - ontology_migration - INFO - [DRY RUN] Sẽ cập nhật task với uid=b2fdc6fbeff4425a96500f0884bd1853
2025-07-01 12:40:20,909 - ontology_migration - INFO - Đã xử lý tổng cộng 39 task
2025-07-01 12:40:20,909 - ontology_migration - INFO - Hoàn thành migration cho task. Đã xử lý 39 records.
2025-07-01 12:40:20,909 - ontology_migration - INFO - Bắt đầu migration cho event
2025-07-01 12:40:20,994 - ontology_migration - INFO - Xử lý batch 1 với 8 event
2025-07-01 12:40:20,994 - ontology_migration - INFO - Đã xử lý tổng cộng 8 event
2025-07-01 12:40:20,994 - ontology_migration - INFO - Hoàn thành migration cho event. Đã xử lý 8 records.
2025-07-01 12:40:20,994 - ontology_migration - INFO - Bắt đầu migration cho knowledge_snippet
2025-07-01 12:40:21,078 - ontology_migration - INFO - Đã xử lý tổng cộng 0 knowledge_snippet
2025-07-01 12:40:21,078 - ontology_migration - INFO - Hoàn thành migration cho knowledge_snippet. Đã xử lý 0 records.
2025-07-01 12:40:21,078 - ontology_migration - INFO - Migration hoàn tất. Tổng thời gian: 0:00:01.608642
2025-07-01 12:40:21,078 - ontology_migration - INFO - Tổng số records đã xử lý: 61
2025-07-01 12:40:21,078 - ontology_migration - INFO - Thống kê: {
  "total": 61,
  "success": 0,
  "failed": 0,
  "skipped": 61,
  "entity_stats": {
    "win": {
      "total": 0,
      "success": 0,
      "failed": 0,
      "skipped": 0
    },
    "recognition": {
      "total": 14,
      "success": 0,
      "failed": 0,
      "skipped": 14
    },
    "task": {
      "total": 39,
      "success": 0,
      "failed": 0,
      "skipped": 39
    },
    "event": {
      "total": 8,
      "success": 0,
      "failed": 0,
      "skipped": 8
    },
    "knowledge_snippet": {
      "total": 0,
      "success": 0,
      "failed": 0,
      "skipped": 0
    }
  }
}
2025-07-01 12:42:12,310 - ontology_migration - INFO - Bắt đầu migration ontology vào 2025-07-01 12:42:12.310920
2025-07-01 12:42:12,312 - ontology_migration - INFO - Chế độ DRY RUN: True
2025-07-01 12:42:12,312 - ontology_migration - INFO - Bắt đầu migration cho recognition
2025-07-01 12:42:13,494 - ontology_migration - INFO - Xử lý batch 1 với 14 recognition
2025-07-01 12:42:13,494 - ontology_migration - ERROR - Lỗi khi chuẩn hóa EntityType.RECOGNITION với uid=0c94bf88fa9743deaa22cf5c4ea16466: Value 'GRATITUDE' is not a valid RecognitionType
2025-07-01 12:42:13,494 - ontology_migration - ERROR - Lỗi khi chuẩn hóa EntityType.RECOGNITION với uid=59796bec7fe6498193b9e6511a25ad0a: Value 'GRATITUDE' is not a valid RecognitionType
2025-07-01 12:42:13,494 - ontology_migration - ERROR - Lỗi khi chuẩn hóa EntityType.RECOGNITION với uid=11e1c3bbbd20489b8f9dfe563da8ba6d: Value 'GRATITUDE' is not a valid RecognitionType
2025-07-01 12:42:13,494 - ontology_migration - ERROR - Lỗi khi chuẩn hóa EntityType.RECOGNITION với uid=22cd164c559f4eab94b2030a01386a07: Value 'GRATITUDE' is not a valid RecognitionType
2025-07-01 12:42:13,494 - ontology_migration - ERROR - Lỗi khi chuẩn hóa EntityType.RECOGNITION với uid=6d93cde49aa44f03b2ebe6b0f28cda09: Value 'GRATITUDE' is not a valid RecognitionType
2025-07-01 12:42:13,494 - ontology_migration - ERROR - Lỗi khi chuẩn hóa EntityType.RECOGNITION với uid=c2bb9ed93bf84e708ec262faa680eed1: Value 'GRATITUDE' is not a valid RecognitionType
2025-07-01 12:42:13,494 - ontology_migration - ERROR - Lỗi khi chuẩn hóa EntityType.RECOGNITION với uid=ef5f372735d24dbdacb70f7f9e9e6b9a: Value 'KUDOS' is not a valid RecognitionType
2025-07-01 12:42:13,494 - ontology_migration - ERROR - Lỗi khi chuẩn hóa EntityType.RECOGNITION với uid=6bad2dc0ac8c4b3b9d999255f33f1637: Value 'KUDOS' is not a valid RecognitionType
2025-07-01 12:42:13,494 - ontology_migration - ERROR - Lỗi khi chuẩn hóa EntityType.RECOGNITION với uid=b4836e803feb4c6f89c942b2fb22e567: Value 'KUDOS' is not a valid RecognitionType
2025-07-01 12:42:13,494 - ontology_migration - ERROR - Lỗi khi chuẩn hóa EntityType.RECOGNITION với uid=09ea093752644abe94db94d3b2ed59ea: Value 'KUDOS' is not a valid RecognitionType
2025-07-01 12:42:13,494 - ontology_migration - ERROR - Lỗi khi chuẩn hóa EntityType.RECOGNITION với uid=5da0431a5aab40a2bb215dde9391a6ac: Value 'KUDOS' is not a valid RecognitionType
2025-07-01 12:42:13,494 - ontology_migration - ERROR - Lỗi khi chuẩn hóa EntityType.RECOGNITION với uid=812e370a7e1941cfa87dbbdbf97da5f3: Value 'KUDOS' is not a valid RecognitionType
2025-07-01 12:42:13,494 - ontology_migration - ERROR - Lỗi khi chuẩn hóa EntityType.RECOGNITION với uid=bf380475a7ce4099a76912f55b66f19c: Value 'KUDOS' is not a valid RecognitionType
2025-07-01 12:42:13,494 - ontology_migration - INFO - Đã xử lý tổng cộng 14 recognition
2025-07-01 12:42:13,494 - ontology_migration - INFO - Hoàn thành migration cho recognition. Đã xử lý 14 records.
2025-07-01 12:42:13,494 - ontology_migration - INFO - Bắt đầu migration cho task
2025-07-01 12:42:13,631 - ontology_migration - INFO - Xử lý batch 1 với 39 task
2025-07-01 12:42:13,631 - ontology_migration - INFO - Các thay đổi cho task (uid=a7786a4795bf49e29a81235126d1b124): {"task_type": "FEATURE"}
2025-07-01 12:42:13,631 - ontology_migration - INFO - [DRY RUN] Sẽ cập nhật task với uid=a7786a4795bf49e29a81235126d1b124
2025-07-01 12:42:13,631 - ontology_migration - INFO - Các thay đổi cho task (uid=9a203af9ec2048098216834da144fdf9): {"task_type": "FEATURE"}
2025-07-01 12:42:13,631 - ontology_migration - INFO - [DRY RUN] Sẽ cập nhật task với uid=9a203af9ec2048098216834da144fdf9
2025-07-01 12:42:13,632 - ontology_migration - INFO - Các thay đổi cho task (uid=b1dc1bf28f5848d68f21e2ac5238dc45): {"task_type": "FEATURE"}
2025-07-01 12:42:13,632 - ontology_migration - INFO - [DRY RUN] Sẽ cập nhật task với uid=b1dc1bf28f5848d68f21e2ac5238dc45
2025-07-01 12:42:13,632 - ontology_migration - INFO - Các thay đổi cho task (uid=e536922ae35c4a21b1d9146b6ff64cc5): {"task_type": "FEATURE"}
2025-07-01 12:42:13,632 - ontology_migration - INFO - [DRY RUN] Sẽ cập nhật task với uid=e536922ae35c4a21b1d9146b6ff64cc5
2025-07-01 12:42:13,632 - ontology_migration - INFO - Các thay đổi cho task (uid=8fc646f528b346ceb1c54489f47a724d): {"task_type": "FEATURE"}
2025-07-01 12:42:13,632 - ontology_migration - INFO - [DRY RUN] Sẽ cập nhật task với uid=8fc646f528b346ceb1c54489f47a724d
2025-07-01 12:42:13,632 - ontology_migration - INFO - Các thay đổi cho task (uid=ac36027a1a334399ad0153a68200ea65): {"task_type": "FEATURE"}
2025-07-01 12:42:13,632 - ontology_migration - INFO - [DRY RUN] Sẽ cập nhật task với uid=ac36027a1a334399ad0153a68200ea65
2025-07-01 12:42:13,632 - ontology_migration - INFO - Các thay đổi cho task (uid=c8184b42abe2456cbe91795539fa3caa): {"task_type": "FEATURE"}
2025-07-01 12:42:13,632 - ontology_migration - INFO - [DRY RUN] Sẽ cập nhật task với uid=c8184b42abe2456cbe91795539fa3caa
2025-07-01 12:42:13,632 - ontology_migration - INFO - Các thay đổi cho task (uid=d3fc3818ff6644e6b9e83e85543d26d5): {"task_type": "FEATURE"}
2025-07-01 12:42:13,632 - ontology_migration - INFO - [DRY RUN] Sẽ cập nhật task với uid=d3fc3818ff6644e6b9e83e85543d26d5
2025-07-01 12:42:13,632 - ontology_migration - INFO - Các thay đổi cho task (uid=fafcd9239ebb4ad690f55b228c5d54df): {"task_type": "FEATURE"}
2025-07-01 12:42:13,632 - ontology_migration - INFO - [DRY RUN] Sẽ cập nhật task với uid=fafcd9239ebb4ad690f55b228c5d54df
2025-07-01 12:42:13,632 - ontology_migration - INFO - Các thay đổi cho task (uid=b5bd9dc74e7a4fdfa5974bac97c56923): {"task_type": "FEATURE"}
2025-07-01 12:42:13,632 - ontology_migration - INFO - [DRY RUN] Sẽ cập nhật task với uid=b5bd9dc74e7a4fdfa5974bac97c56923
2025-07-01 12:42:13,632 - ontology_migration - INFO - Các thay đổi cho task (uid=c0eceb2c457345c99902502fac43fd9b): {"task_type": "FEATURE"}
2025-07-01 12:42:13,632 - ontology_migration - INFO - [DRY RUN] Sẽ cập nhật task với uid=c0eceb2c457345c99902502fac43fd9b
2025-07-01 12:42:13,632 - ontology_migration - INFO - Các thay đổi cho task (uid=2485febe7a92468baf98a1b98f8cabc4): {"task_type": "FEATURE"}
2025-07-01 12:42:13,632 - ontology_migration - INFO - [DRY RUN] Sẽ cập nhật task với uid=2485febe7a92468baf98a1b98f8cabc4
2025-07-01 12:42:13,632 - ontology_migration - INFO - Các thay đổi cho task (uid=f05ce1bfd20b44e8af2e7d9a1c897acd): {"task_type": "FEATURE"}
2025-07-01 12:42:13,632 - ontology_migration - INFO - [DRY RUN] Sẽ cập nhật task với uid=f05ce1bfd20b44e8af2e7d9a1c897acd
2025-07-01 12:42:13,632 - ontology_migration - INFO - Các thay đổi cho task (uid=5fd06ee85885475ab6854cec5df5566c): {"task_type": "FEATURE"}
2025-07-01 12:42:13,632 - ontology_migration - INFO - [DRY RUN] Sẽ cập nhật task với uid=5fd06ee85885475ab6854cec5df5566c
2025-07-01 12:42:13,632 - ontology_migration - INFO - Các thay đổi cho task (uid=229f65ba56c944c58500237dea00b769): {"task_type": "FEATURE"}
2025-07-01 12:42:13,632 - ontology_migration - INFO - [DRY RUN] Sẽ cập nhật task với uid=229f65ba56c944c58500237dea00b769
2025-07-01 12:42:13,632 - ontology_migration - INFO - Các thay đổi cho task (uid=be1e2c1b846e4ff296bbd5fe4ba13540): {"task_type": "FEATURE"}
2025-07-01 12:42:13,632 - ontology_migration - INFO - [DRY RUN] Sẽ cập nhật task với uid=be1e2c1b846e4ff296bbd5fe4ba13540
2025-07-01 12:42:13,632 - ontology_migration - INFO - Các thay đổi cho task (uid=c8a7a70b09924b89a2b5d4b7a6f605fc): {"task_type": "FEATURE"}
2025-07-01 12:42:13,632 - ontology_migration - INFO - [DRY RUN] Sẽ cập nhật task với uid=c8a7a70b09924b89a2b5d4b7a6f605fc
2025-07-01 12:42:13,632 - ontology_migration - INFO - Các thay đổi cho task (uid=33565d094d8d40ac97cbf0399a786b82): {"task_type": "FEATURE"}
2025-07-01 12:42:13,632 - ontology_migration - INFO - [DRY RUN] Sẽ cập nhật task với uid=33565d094d8d40ac97cbf0399a786b82
2025-07-01 12:42:13,633 - ontology_migration - INFO - Các thay đổi cho task (uid=2472fa1703d34b93b0cf1ade455ae5dc): {"task_type": "FEATURE"}
2025-07-01 12:42:13,633 - ontology_migration - INFO - [DRY RUN] Sẽ cập nhật task với uid=2472fa1703d34b93b0cf1ade455ae5dc
2025-07-01 12:42:13,633 - ontology_migration - INFO - Các thay đổi cho task (uid=dfb36e78d76e47e2b297f38dd7941144): {"task_type": "FEATURE"}
2025-07-01 12:42:13,633 - ontology_migration - INFO - [DRY RUN] Sẽ cập nhật task với uid=dfb36e78d76e47e2b297f38dd7941144
2025-07-01 12:42:13,633 - ontology_migration - INFO - Các thay đổi cho task (uid=15ea25c72c304e94b2bd540c25a4ad05): {"task_type": "FEATURE"}
2025-07-01 12:42:13,633 - ontology_migration - INFO - [DRY RUN] Sẽ cập nhật task với uid=15ea25c72c304e94b2bd540c25a4ad05
2025-07-01 12:42:13,633 - ontology_migration - INFO - Các thay đổi cho task (uid=9e8227a8e7404727ae0898782029f20e): {"task_type": "FEATURE"}
2025-07-01 12:42:13,633 - ontology_migration - INFO - [DRY RUN] Sẽ cập nhật task với uid=9e8227a8e7404727ae0898782029f20e
2025-07-01 12:42:13,633 - ontology_migration - INFO - Các thay đổi cho task (uid=005e33c63a474d3aa1bb884042573794): {"task_type": "FEATURE"}
2025-07-01 12:42:13,633 - ontology_migration - INFO - [DRY RUN] Sẽ cập nhật task với uid=005e33c63a474d3aa1bb884042573794
2025-07-01 12:42:13,633 - ontology_migration - INFO - Các thay đổi cho task (uid=9d09aaca077544b48bb2d44deaebd433): {"task_type": "FEATURE"}
2025-07-01 12:42:13,633 - ontology_migration - INFO - [DRY RUN] Sẽ cập nhật task với uid=9d09aaca077544b48bb2d44deaebd433
2025-07-01 12:42:13,633 - ontology_migration - INFO - Các thay đổi cho task (uid=51bb635256a0475cab647b12c97d85ea): {"task_type": "FEATURE"}
2025-07-01 12:42:13,633 - ontology_migration - INFO - [DRY RUN] Sẽ cập nhật task với uid=51bb635256a0475cab647b12c97d85ea
2025-07-01 12:42:13,633 - ontology_migration - INFO - Các thay đổi cho task (uid=63f40dc49a6a4228bf002f89f7c3e2e6): {"task_type": "FEATURE"}
2025-07-01 12:42:13,633 - ontology_migration - INFO - [DRY RUN] Sẽ cập nhật task với uid=63f40dc49a6a4228bf002f89f7c3e2e6
2025-07-01 12:42:13,633 - ontology_migration - INFO - Các thay đổi cho task (uid=76483e6716c9418ea34adac02c46fa52): {"task_type": "FEATURE"}
2025-07-01 12:42:13,633 - ontology_migration - INFO - [DRY RUN] Sẽ cập nhật task với uid=76483e6716c9418ea34adac02c46fa52
2025-07-01 12:42:13,633 - ontology_migration - INFO - Các thay đổi cho task (uid=6c4957a044674fae9467145cc28b59ac): {"task_type": "FEATURE"}
2025-07-01 12:42:13,633 - ontology_migration - INFO - [DRY RUN] Sẽ cập nhật task với uid=6c4957a044674fae9467145cc28b59ac
2025-07-01 12:42:13,633 - ontology_migration - INFO - Các thay đổi cho task (uid=6094221c73034fbd992c3399e9fb2c7f): {"task_type": "FEATURE"}
2025-07-01 12:42:13,633 - ontology_migration - INFO - [DRY RUN] Sẽ cập nhật task với uid=6094221c73034fbd992c3399e9fb2c7f
2025-07-01 12:42:13,633 - ontology_migration - INFO - Các thay đổi cho task (uid=e1773d3dcc0548cebc6fe873482a4553): {"task_type": "FEATURE"}
2025-07-01 12:42:13,633 - ontology_migration - INFO - [DRY RUN] Sẽ cập nhật task với uid=e1773d3dcc0548cebc6fe873482a4553
2025-07-01 12:42:13,633 - ontology_migration - INFO - Các thay đổi cho task (uid=d4993e5811a940608a300d64dd6d0b90): {"task_type": "FEATURE"}
2025-07-01 12:42:13,633 - ontology_migration - INFO - [DRY RUN] Sẽ cập nhật task với uid=d4993e5811a940608a300d64dd6d0b90
2025-07-01 12:42:13,633 - ontology_migration - INFO - Các thay đổi cho task (uid=f980dd4dda7c4a9f9d809b98b77ed0a6): {"task_type": "FEATURE"}
2025-07-01 12:42:13,633 - ontology_migration - INFO - [DRY RUN] Sẽ cập nhật task với uid=f980dd4dda7c4a9f9d809b98b77ed0a6
2025-07-01 12:42:13,633 - ontology_migration - INFO - Các thay đổi cho task (uid=d188f5e4f7c5486aa38507e774a70a34): {"task_type": "FEATURE"}
2025-07-01 12:42:13,633 - ontology_migration - INFO - [DRY RUN] Sẽ cập nhật task với uid=d188f5e4f7c5486aa38507e774a70a34
2025-07-01 12:42:13,633 - ontology_migration - INFO - Các thay đổi cho task (uid=90eb8b5fd8fa42f69ca7e089f68dfca6): {"task_type": "FEATURE"}
2025-07-01 12:42:13,633 - ontology_migration - INFO - [DRY RUN] Sẽ cập nhật task với uid=90eb8b5fd8fa42f69ca7e089f68dfca6
2025-07-01 12:42:13,633 - ontology_migration - INFO - Các thay đổi cho task (uid=1db74051c2434f19bd31233188f0fe49): {"task_type": "FEATURE"}
2025-07-01 12:42:13,633 - ontology_migration - INFO - [DRY RUN] Sẽ cập nhật task với uid=1db74051c2434f19bd31233188f0fe49
2025-07-01 12:42:13,633 - ontology_migration - INFO - Các thay đổi cho task (uid=d646fe6ba02e4632be82e2cd3fc05a7d): {"task_type": "FEATURE"}
2025-07-01 12:42:13,633 - ontology_migration - INFO - [DRY RUN] Sẽ cập nhật task với uid=d646fe6ba02e4632be82e2cd3fc05a7d
2025-07-01 12:42:13,633 - ontology_migration - INFO - Các thay đổi cho task (uid=8e68f33666854324ac53fb449af0ec35): {"task_type": "FEATURE"}
2025-07-01 12:42:13,633 - ontology_migration - INFO - [DRY RUN] Sẽ cập nhật task với uid=8e68f33666854324ac53fb449af0ec35
2025-07-01 12:42:13,633 - ontology_migration - INFO - Các thay đổi cho task (uid=800647c1f3c848abb2da562397c1a0ea): {"task_type": "FEATURE"}
2025-07-01 12:42:13,633 - ontology_migration - INFO - [DRY RUN] Sẽ cập nhật task với uid=800647c1f3c848abb2da562397c1a0ea
2025-07-01 12:42:13,633 - ontology_migration - INFO - Các thay đổi cho task (uid=b2fdc6fbeff4425a96500f0884bd1853): {"task_type": "FEATURE"}
2025-07-01 12:42:13,633 - ontology_migration - INFO - [DRY RUN] Sẽ cập nhật task với uid=b2fdc6fbeff4425a96500f0884bd1853
2025-07-01 12:42:13,633 - ontology_migration - INFO - Đã xử lý tổng cộng 39 task
2025-07-01 12:42:13,633 - ontology_migration - INFO - Hoàn thành migration cho task. Đã xử lý 39 records.
2025-07-01 12:42:13,633 - ontology_migration - INFO - Migration hoàn tất. Tổng thời gian: 0:00:01.322949
2025-07-01 12:42:13,633 - ontology_migration - INFO - Tổng số records đã xử lý: 53
2025-07-01 12:42:13,633 - ontology_migration - INFO - Thống kê: {
  "total": 53,
  "success": 0,
  "failed": 0,
  "skipped": 53,
  "entity_stats": {
    "win": {
      "total": 0,
      "success": 0,
      "failed": 0,
      "skipped": 0
    },
    "recognition": {
      "total": 14,
      "success": 0,
      "failed": 0,
      "skipped": 14
    },
    "task": {
      "total": 39,
      "success": 0,
      "failed": 0,
      "skipped": 39
    },
    "event": {
      "total": 0,
      "success": 0,
      "failed": 0,
      "skipped": 0
    },
    "knowledge_snippet": {
      "total": 0,
      "success": 0,
      "failed": 0,
      "skipped": 0
    }
  }
}
